Time: 2023-11-10T00:17:24.3764678, Content: UpdateRowsEventData{tableId=118, includedColumnsBeforeUpdate={0, 1, 2, 3, 4, 5, 6, 7, 8, 9}, includedColumns={0, 1, 2, 3, 4, 5, 6, 7, 8, 9}, rows=[
    {before=[200000, Tue Nov 07 19:43:58 ICT 2023, Deposit money from bank, null, null, 3c94282d, Phạm Đoàn Admin, f9dbfc2bde, 3, 1], after=[200001, Tue Nov 07 19:43:58 ICT 2023, Deposit money from bank, null, null, 3c94282d, Phạm Đoàn Admin, f9dbfc2bde, 3, 1]}
]}
Time: 2023-11-10T00:17:24.3784695, Content: WriteRowsEventData{tableId=111, includedColumns={0, 1, 2, 3, 4, 5}, rows=[
    [66, {}, 2023-11-10 00:17:24.0, 3, [B@431f8830, [B@75bbe39d]
]}Time: 2023-11-20T19:24:42.0520707, Content: UpdateRowsEventData{tableId=98, includedColumnsBeforeUpdate={0, 1, 2, 3, 4, 5}, includedColumns={0, 1, 2, 3, 4, 5}, rows=[
    {before=[0, 99, 00000000, eyJhbGciOiJIUzUxMiJ9.eyJzdWIiOiJraWVtcGhhbTEyNTZAZ21haWwuY29tIiwiaWF0IjoxNjk5MzQ5OTE1LCJleHAiOjE2OTkzNTE3MTV9.iI4SFcqZEyJibqXKxqcOH6cVrhHgSFyNKySr4fXySgagWs1QstGsQQz_hGjhFAF46yvVMdbRda_LR_xcbQTZJg, eyJhbGciOiJIUzI1NiIsInR5cCI6IkpXVCJ9.eyJleHAiOjE2OTkzODU5MTYsInVzZXJuYW1lIjoiMDAwMDAwMDAiLCJvcmdOYW1lIjoiT3JnMSIsImlhdCI6MTY5OTM0OTkxNn0.CnU2EexfOAeq5r5F-_0wR_gqBuE8z42pv6RDrUPZDWU, 1], after=[-1, 99, 00000000, eyJhbGciOiJIUzUxMiJ9.eyJzdWIiOiJraWVtcGhhbTEyNTZAZ21haWwuY29tIiwiaWF0IjoxNjk5MzQ5OTE1LCJleHAiOjE2OTkzNTE3MTV9.iI4SFcqZEyJibqXKxqcOH6cVrhHgSFyNKySr4fXySgagWs1QstGsQQz_hGjhFAF46yvVMdbRda_LR_xcbQTZJg, eyJhbGciOiJIUzI1NiIsInR5cCI6IkpXVCJ9.eyJleHAiOjE2OTkzODU5MTYsInVzZXJuYW1lIjoiMDAwMDAwMDAiLCJvcmdOYW1lIjoiT3JnMSIsImlhdCI6MTY5OTM0OTkxNn0.CnU2EexfOAeq5r5F-_0wR_gqBuE8z42pv6RDrUPZDWU, 1]}
]}
Time: 2023-11-20T19:24:42.0543169, Content: WriteRowsEventData{tableId=98, includedColumns={0, 1, 2, 3, 4, 5}, rows=[
    [0, 100, 00000000, eyJhbGciOiJIUzUxMiJ9.eyJzdWIiOiJraWVtcGhhbTEyNTZAZ21haWwuY29tIiwiaWF0IjoxNzAwNDgzMDgxLCJleHAiOjE3MDA0ODQ4ODF9.XuDSjAW_X0RV--y3Ylej3JF6YORIa2iCmECwEQNAGLkrTi9JXhC4yWYFcFX5IjjNbSO53-wM1UvzelzPLHCQ8Q, eyJhbGciOiJIUzI1NiIsInR5cCI6IkpXVCJ9.eyJleHAiOjE3MDA1MTkwODIsInVzZXJuYW1lIjoiMDAwMDAwMDAiLCJvcmdOYW1lIjoiT3JnMSIsImlhdCI6MTcwMDQ4MzA4Mn0.Okpq8nrKP3L52GYjp3KKdyUz_yaxrSJeABN2rhy6_jc, 1]
]}
Time: 2023-11-20T19:59:28.9996801, Content: UpdateRowsEventData{tableId=98, includedColumnsBeforeUpdate={0, 1, 2, 3, 4, 5}, includedColumns={0, 1, 2, 3, 4, 5}, rows=[
    {before=[0, 100, 00000000, eyJhbGciOiJIUzUxMiJ9.eyJzdWIiOiJraWVtcGhhbTEyNTZAZ21haWwuY29tIiwiaWF0IjoxNzAwNDgzMDgxLCJleHAiOjE3MDA0ODQ4ODF9.XuDSjAW_X0RV--y3Ylej3JF6YORIa2iCmECwEQNAGLkrTi9JXhC4yWYFcFX5IjjNbSO53-wM1UvzelzPLHCQ8Q, eyJhbGciOiJIUzI1NiIsInR5cCI6IkpXVCJ9.eyJleHAiOjE3MDA1MTkwODIsInVzZXJuYW1lIjoiMDAwMDAwMDAiLCJvcmdOYW1lIjoiT3JnMSIsImlhdCI6MTcwMDQ4MzA4Mn0.Okpq8nrKP3L52GYjp3KKdyUz_yaxrSJeABN2rhy6_jc, 1], after=[-1, 100, 00000000, eyJhbGciOiJIUzUxMiJ9.eyJzdWIiOiJraWVtcGhhbTEyNTZAZ21haWwuY29tIiwiaWF0IjoxNzAwNDgzMDgxLCJleHAiOjE3MDA0ODQ4ODF9.XuDSjAW_X0RV--y3Ylej3JF6YORIa2iCmECwEQNAGLkrTi9JXhC4yWYFcFX5IjjNbSO53-wM1UvzelzPLHCQ8Q, eyJhbGciOiJIUzI1NiIsInR5cCI6IkpXVCJ9.eyJleHAiOjE3MDA1MTkwODIsInVzZXJuYW1lIjoiMDAwMDAwMDAiLCJvcmdOYW1lIjoiT3JnMSIsImlhdCI6MTcwMDQ4MzA4Mn0.Okpq8nrKP3L52GYjp3KKdyUz_yaxrSJeABN2rhy6_jc, 1]}
]}
Time: 2023-11-20T19:59:36.4801383, Content: WriteRowsEventData{tableId=98, includedColumns={0, 1, 2, 3, 4, 5}, rows=[
    [0, 101, 00000000, eyJhbGciOiJIUzUxMiJ9.eyJzdWIiOiJraWVtcGhhbTEyNTZAZ21haWwuY29tIiwiaWF0IjoxNzAwNDg1MTc2LCJleHAiOjE3MDA0ODY5NzZ9.Wvu8ZVuVgE9b6xMF0dIhU_czr4RxwYNBWFvMDDHCx2VQLJ97tOyXoekVDHCs3mj8cRqeOATaY7Q75tWmtO9Y4w, eyJhbGciOiJIUzI1NiIsInR5cCI6IkpXVCJ9.eyJleHAiOjE3MDA1MjExNzYsInVzZXJuYW1lIjoiMDAwMDAwMDAiLCJvcmdOYW1lIjoiT3JnMSIsImlhdCI6MTcwMDQ4NTE3Nn0.E17ynb3rYfAu2ZGsfY_EcOAlSYcWCiB4kVnDkHwJpRE, 1]
]}
Time: 2023-11-24T18:18:30.4616138, Content: UpdateRowsEventData{tableId=121, includedColumnsBeforeUpdate={0, 1, 2, 3, 4, 5}, includedColumns={0, 1, 2, 3, 4, 5}, rows=[
    {before=[68, {}, 2023-11-24 18:09:06.0, 2, [B@6768dc74, null], after=[68, {}, 2023-11-24 18:09:07.0, 2, [B@31dbca5d, null]}
]}
Time: 2023-11-24T18:21:27.8737392, Content: UpdateRowsEventData{tableId=119, includedColumnsBeforeUpdate={0, 1, 2, 3, 4, 5, 6, 7, 8, 9}, includedColumns={0, 1, 2, 3, 4, 5, 6, 7, 8, 9}, rows=[
    {before=[50000, Sat Nov 25 01:09:03 ICT 2023, Deposit money from bank, null, null, 40ff7af2, Pham Doan Kiem, 7a2a33ff64, 3, 1], after=[500000, Sat Nov 25 01:09:03 ICT 2023, Deposit money from bank, null, null, 40ff7af2, Pham Doan Kiem, 7a2a33ff64, 3, 1]}
]}
Time: 2023-11-24T18:21:27.8748057, Content: WriteRowsEventData{tableId=121, includedColumns={0, 1, 2, 3, 4, 5}, rows=[
    [69, {}, 2023-11-24 18:21:27.0, 3, [B@1e205025, [B@c10f7a8]
]}
Time: 2023-11-24T19:36:12.43223, Content: UpdateRowsEventData{tableId=117, includedColumnsBeforeUpdate={0, 1, 2, 3, 4, 5}, includedColumns={0, 1, 2, 3, 4, 5}, rows=[
    {before=[0, 104, 00000000, eyJhbGciOiJIUzUxMiJ9.eyJzdWIiOiJraWVtcGhhbTEyNTZAZ21haWwuY29tIiwiaWF0IjoxNzAwODIzODMwLCJleHAiOjE3MDA4MjU2MzB9.Iq9nY57BLsv8nC5eAZINGsHxZ0OLS56TVYm-U-4xrtqzX2bnb4CQ1-7jJ9BXSTgprV44ZTUv-kxJ5zghLE4Flw, eyJhbGciOiJIUzI1NiIsInR5cCI6IkpXVCJ9.eyJleHAiOjE3MDA4NTk4MzAsInVzZXJuYW1lIjoiMDAwMDAwMDAiLCJvcmdOYW1lIjoiT3JnMSIsImlhdCI6MTcwMDgyMzgzMH0.dxS79sxftfhJF6KbRymq-o9a8Nd0rDnE0oX1wrMhrMM, 1], after=[-1, 104, 00000000, eyJhbGciOiJIUzUxMiJ9.eyJzdWIiOiJraWVtcGhhbTEyNTZAZ21haWwuY29tIiwiaWF0IjoxNzAwODIzODMwLCJleHAiOjE3MDA4MjU2MzB9.Iq9nY57BLsv8nC5eAZINGsHxZ0OLS56TVYm-U-4xrtqzX2bnb4CQ1-7jJ9BXSTgprV44ZTUv-kxJ5zghLE4Flw, eyJhbGciOiJIUzI1NiIsInR5cCI6IkpXVCJ9.eyJleHAiOjE3MDA4NTk4MzAsInVzZXJuYW1lIjoiMDAwMDAwMDAiLCJvcmdOYW1lIjoiT3JnMSIsImlhdCI6MTcwMDgyMzgzMH0.dxS79sxftfhJF6KbRymq-o9a8Nd0rDnE0oX1wrMhrMM, 1]}
]}
Time: 2023-11-24T19:36:12.4332288, Content: WriteRowsEventData{tableId=117, includedColumns={0, 1, 2, 3, 4, 5}, rows=[
    [0, 107, 00000000, eyJhbGciOiJIUzUxMiJ9.eyJzdWIiOiJraWVtcGhhbTEyNTZAZ21haWwuY29tIiwiaWF0IjoxNzAwODI5MzcyLCJleHAiOjE3MDA4MzExNzJ9.AcqmH2XYY32j8WGzJrrxqU9Pa3JitEZ88hQ_625MaRyMT9brGTbBwqzT8VH_9iijQzlZd78_vHHlwv3ilHoahQ, eyJhbGciOiJIUzI1NiIsInR5cCI6IkpXVCJ9.eyJleHAiOjE3MDA4NjUzNzIsInVzZXJuYW1lIjoiMDAwMDAwMDAiLCJvcmdOYW1lIjoiT3JnMSIsImlhdCI6MTcwMDgyOTM3Mn0.H4Y3BbKXgwo-rE5UChUazZRjDDJiQGek-JroowaHmWE, 1]
]}
Time: 2023-11-24T19:36:32.5211345, Content: UpdateRowsEventData{tableId=117, includedColumnsBeforeUpdate={0, 1, 2, 3, 4, 5}, includedColumns={0, 1, 2, 3, 4, 5}, rows=[
    {before=[0, 107, 00000000, eyJhbGciOiJIUzUxMiJ9.eyJzdWIiOiJraWVtcGhhbTEyNTZAZ21haWwuY29tIiwiaWF0IjoxNzAwODI5MzcyLCJleHAiOjE3MDA4MzExNzJ9.AcqmH2XYY32j8WGzJrrxqU9Pa3JitEZ88hQ_625MaRyMT9brGTbBwqzT8VH_9iijQzlZd78_vHHlwv3ilHoahQ, eyJhbGciOiJIUzI1NiIsInR5cCI6IkpXVCJ9.eyJleHAiOjE3MDA4NjUzNzIsInVzZXJuYW1lIjoiMDAwMDAwMDAiLCJvcmdOYW1lIjoiT3JnMSIsImlhdCI6MTcwMDgyOTM3Mn0.H4Y3BbKXgwo-rE5UChUazZRjDDJiQGek-JroowaHmWE, 1], after=[-1, 107, 00000000, eyJhbGciOiJIUzUxMiJ9.eyJzdWIiOiJraWVtcGhhbTEyNTZAZ21haWwuY29tIiwiaWF0IjoxNzAwODI5MzcyLCJleHAiOjE3MDA4MzExNzJ9.AcqmH2XYY32j8WGzJrrxqU9Pa3JitEZ88hQ_625MaRyMT9brGTbBwqzT8VH_9iijQzlZd78_vHHlwv3ilHoahQ, eyJhbGciOiJIUzI1NiIsInR5cCI6IkpXVCJ9.eyJleHAiOjE3MDA4NjUzNzIsInVzZXJuYW1lIjoiMDAwMDAwMDAiLCJvcmdOYW1lIjoiT3JnMSIsImlhdCI6MTcwMDgyOTM3Mn0.H4Y3BbKXgwo-rE5UChUazZRjDDJiQGek-JroowaHmWE, 1]}
]}
Time: 2023-11-24T19:36:32.5211345, Content: WriteRowsEventData{tableId=117, includedColumns={0, 1, 2, 3, 4, 5}, rows=[
    [0, 108, 00000000, eyJhbGciOiJIUzUxMiJ9.eyJzdWIiOiJraWVtcGhhbTEyNTZAZ21haWwuY29tIiwiaWF0IjoxNzAwODI5MzkyLCJleHAiOjE3MDA4MzExOTJ9.CHnP7YRxnstYolgRPk2lchUroSmDJKOWwYvzuPaQrsEM8yyzKBsYbUymE0ioLuls5N5amXrDh56P-UXRfh3s9w, eyJhbGciOiJIUzI1NiIsInR5cCI6IkpXVCJ9.eyJleHAiOjE3MDA4NjUzOTIsInVzZXJuYW1lIjoiMDAwMDAwMDAiLCJvcmdOYW1lIjoiT3JnMSIsImlhdCI6MTcwMDgyOTM5Mn0.J6CpdbbzrRuF0pSTbjur0ikvCPtxdfEojsZKrn3ZMnU, 1]
]}
Time: 2023-11-24T19:37:39.874699, Content: UpdateRowsEventData{tableId=117, includedColumnsBeforeUpdate={0, 1, 2, 3, 4, 5}, includedColumns={0, 1, 2, 3, 4, 5}, rows=[
    {before=[0, 108, 00000000, eyJhbGciOiJIUzUxMiJ9.eyJzdWIiOiJraWVtcGhhbTEyNTZAZ21haWwuY29tIiwiaWF0IjoxNzAwODI5MzkyLCJleHAiOjE3MDA4MzExOTJ9.CHnP7YRxnstYolgRPk2lchUroSmDJKOWwYvzuPaQrsEM8yyzKBsYbUymE0ioLuls5N5amXrDh56P-UXRfh3s9w, eyJhbGciOiJIUzI1NiIsInR5cCI6IkpXVCJ9.eyJleHAiOjE3MDA4NjUzOTIsInVzZXJuYW1lIjoiMDAwMDAwMDAiLCJvcmdOYW1lIjoiT3JnMSIsImlhdCI6MTcwMDgyOTM5Mn0.J6CpdbbzrRuF0pSTbjur0ikvCPtxdfEojsZKrn3ZMnU, 1], after=[-1, 108, 00000000, eyJhbGciOiJIUzUxMiJ9.eyJzdWIiOiJraWVtcGhhbTEyNTZAZ21haWwuY29tIiwiaWF0IjoxNzAwODI5MzkyLCJleHAiOjE3MDA4MzExOTJ9.CHnP7YRxnstYolgRPk2lchUroSmDJKOWwYvzuPaQrsEM8yyzKBsYbUymE0ioLuls5N5amXrDh56P-UXRfh3s9w, eyJhbGciOiJIUzI1NiIsInR5cCI6IkpXVCJ9.eyJleHAiOjE3MDA4NjUzOTIsInVzZXJuYW1lIjoiMDAwMDAwMDAiLCJvcmdOYW1lIjoiT3JnMSIsImlhdCI6MTcwMDgyOTM5Mn0.J6CpdbbzrRuF0pSTbjur0ikvCPtxdfEojsZKrn3ZMnU, 1]}
]}
Time: 2023-11-24T19:37:39.8756967, Content: WriteRowsEventData{tableId=117, includedColumns={0, 1, 2, 3, 4, 5}, rows=[
    [0, 109, 00000000, eyJhbGciOiJIUzUxMiJ9.eyJzdWIiOiJraWVtcGhhbTEyNTZAZ21haWwuY29tIiwiaWF0IjoxNzAwODI5NDU5LCJleHAiOjE3MDA4MzEyNTl9.OPeIphcNjbCN9w-tbeZs74EYktylKWQW8K45kAjGRaRGhe_N99biLWgXmd_1EloN7_CmXwvZFUpO3DwKrGWkXw, eyJhbGciOiJIUzI1NiIsInR5cCI6IkpXVCJ9.eyJleHAiOjE3MDA4NjU0NTksInVzZXJuYW1lIjoiMDAwMDAwMDAiLCJvcmdOYW1lIjoiT3JnMSIsImlhdCI6MTcwMDgyOTQ1OX0.Unw-bUjdTklR3q4DEZdoi18s8zIbP1ekY-xWrtlP-ZQ, 1]
]}
Time: 2023-11-24T19:38:46.4387162, Content: UpdateRowsEventData{tableId=120, includedColumnsBeforeUpdate={0, 1, 2, 3, 4}, includedColumns={0, 1, 2, 3, 4}, rows=[
    {before=[6, Tue Nov 07 22:02:16 ICT 2023, kiempham1256@gmail.com, 502688, 5], after=[6, Sat Nov 25 02:38:46 ICT 2023, kiempham1256@gmail.com, 760185, 5]}
]}
Time: 2023-11-24T19:39:21.9369888, Content: UpdateRowsEventData{tableId=118, includedColumnsBeforeUpdate={0, 1, 2, 3, 4}, includedColumns={0, 1, 2, 3, 4}, rows=[
    {before=[1640000, Sun Oct 08 23:19:58 ICT 2023, 00000000, 3c94282d, 1], after=[2140000, Sun Oct 08 23:19:58 ICT 2023, 00000000, 3c94282d, 1]}
]}
Time: 2023-11-24T20:02:17.0038979, Content: UpdateRowsEventData{tableId=120, includedColumnsBeforeUpdate={0, 1, 2, 3, 4}, includedColumns={0, 1, 2, 3, 4}, rows=[
    {before=[6, Sat Nov 25 02:38:46 ICT 2023, kiempham1256@gmail.com, 760185, 5], after=[6, Sat Nov 25 03:02:16 ICT 2023, kiempham1256@gmail.com, 166069, 5]}
]}
Time: 2023-11-24T20:02:48.4028676, Content: UpdateRowsEventData{tableId=118, includedColumnsBeforeUpdate={0, 1, 2, 3, 4}, includedColumns={0, 1, 2, 3, 4}, rows=[
    {before=[2140000, Sun Oct 08 23:19:58 ICT 2023, 00000000, 3c94282d, 1], after=[2640000, Sun Oct 08 23:19:58 ICT 2023, 00000000, 3c94282d, 1]}
]}
Time: 2023-11-24T20:04:34.0697874, Content: UpdateRowsEventData{tableId=117, includedColumnsBeforeUpdate={0, 1, 2, 3, 4, 5}, includedColumns={0, 1, 2, 3, 4, 5}, rows=[
    {before=[0, 109, 00000000, eyJhbGciOiJIUzUxMiJ9.eyJzdWIiOiJraWVtcGhhbTEyNTZAZ21haWwuY29tIiwiaWF0IjoxNzAwODI5NDU5LCJleHAiOjE3MDA4MzEyNTl9.OPeIphcNjbCN9w-tbeZs74EYktylKWQW8K45kAjGRaRGhe_N99biLWgXmd_1EloN7_CmXwvZFUpO3DwKrGWkXw, eyJhbGciOiJIUzI1NiIsInR5cCI6IkpXVCJ9.eyJleHAiOjE3MDA4NjU0NTksInVzZXJuYW1lIjoiMDAwMDAwMDAiLCJvcmdOYW1lIjoiT3JnMSIsImlhdCI6MTcwMDgyOTQ1OX0.Unw-bUjdTklR3q4DEZdoi18s8zIbP1ekY-xWrtlP-ZQ, 1], after=[-1, 109, 00000000, eyJhbGciOiJIUzUxMiJ9.eyJzdWIiOiJraWVtcGhhbTEyNTZAZ21haWwuY29tIiwiaWF0IjoxNzAwODI5NDU5LCJleHAiOjE3MDA4MzEyNTl9.OPeIphcNjbCN9w-tbeZs74EYktylKWQW8K45kAjGRaRGhe_N99biLWgXmd_1EloN7_CmXwvZFUpO3DwKrGWkXw, eyJhbGciOiJIUzI1NiIsInR5cCI6IkpXVCJ9.eyJleHAiOjE3MDA4NjU0NTksInVzZXJuYW1lIjoiMDAwMDAwMDAiLCJvcmdOYW1lIjoiT3JnMSIsImlhdCI6MTcwMDgyOTQ1OX0.Unw-bUjdTklR3q4DEZdoi18s8zIbP1ekY-xWrtlP-ZQ, 1]}
]}
Time: 2023-11-24T20:04:34.0709161, Content: WriteRowsEventData{tableId=117, includedColumns={0, 1, 2, 3, 4, 5}, rows=[
    [0, 110, 00000000, eyJhbGciOiJIUzUxMiJ9.eyJzdWIiOiJraWVtcGhhbTEyNTZAZ21haWwuY29tIiwiaWF0IjoxNzAwODMxMDc0LCJleHAiOjE3MDA4MzI4NzR9.cxk35JTlQ-wH49CArxyY18VYTBpjzWo3spGE9PfyRyn2lgcJm-m50h419KAqYtGzrOFcsGhJjDOEUAl0eANZNg, eyJhbGciOiJIUzI1NiIsInR5cCI6IkpXVCJ9.eyJleHAiOjE3MDA4NjcwNzMsInVzZXJuYW1lIjoiMDAwMDAwMDAiLCJvcmdOYW1lIjoiT3JnMSIsImlhdCI6MTcwMDgzMTA3M30.fNQ3CeKOAvRffZnC3J3X0y36TNpA4b8wheGLguIZV7w, 1]
]}
Time: 2023-11-24T20:06:28.2990096, Content: UpdateRowsEventData{tableId=120, includedColumnsBeforeUpdate={0, 1, 2, 3, 4}, includedColumns={0, 1, 2, 3, 4}, rows=[
    {before=[6, Sat Nov 25 03:02:16 ICT 2023, kiempham1256@gmail.com, 166069, 5], after=[6, Sat Nov 25 03:06:28 ICT 2023, kiempham1256@gmail.com, 386406, 5]}
]}
Time: 2023-11-24T20:11:10.8736353, Content: UpdateRowsEventData{tableId=120, includedColumnsBeforeUpdate={0, 1, 2, 3, 4}, includedColumns={0, 1, 2, 3, 4}, rows=[
    {before=[6, Sat Nov 25 03:06:28 ICT 2023, kiempham1256@gmail.com, 386406, 5], after=[6, Sat Nov 25 03:11:10 ICT 2023, kiempham1256@gmail.com, 048710, 5]}
]}
Time: 2023-11-24T20:12:37.4450773, Content: UpdateRowsEventData{tableId=120, includedColumnsBeforeUpdate={0, 1, 2, 3, 4}, includedColumns={0, 1, 2, 3, 4}, rows=[
    {before=[6, Sat Nov 25 03:11:10 ICT 2023, kiempham1256@gmail.com, 048710, 5], after=[6, Sat Nov 25 03:12:37 ICT 2023, kiempham1256@gmail.com, 783061, 5]}
]}
Time: 2023-11-24T20:16:59.1496305, Content: UpdateRowsEventData{tableId=117, includedColumnsBeforeUpdate={0, 1, 2, 3, 4, 5}, includedColumns={0, 1, 2, 3, 4, 5}, rows=[
    {before=[0, 110, 00000000, eyJhbGciOiJIUzUxMiJ9.eyJzdWIiOiJraWVtcGhhbTEyNTZAZ21haWwuY29tIiwiaWF0IjoxNzAwODMxMDc0LCJleHAiOjE3MDA4MzI4NzR9.cxk35JTlQ-wH49CArxyY18VYTBpjzWo3spGE9PfyRyn2lgcJm-m50h419KAqYtGzrOFcsGhJjDOEUAl0eANZNg, eyJhbGciOiJIUzI1NiIsInR5cCI6IkpXVCJ9.eyJleHAiOjE3MDA4NjcwNzMsInVzZXJuYW1lIjoiMDAwMDAwMDAiLCJvcmdOYW1lIjoiT3JnMSIsImlhdCI6MTcwMDgzMTA3M30.fNQ3CeKOAvRffZnC3J3X0y36TNpA4b8wheGLguIZV7w, 1], after=[-1, 110, 00000000, eyJhbGciOiJIUzUxMiJ9.eyJzdWIiOiJraWVtcGhhbTEyNTZAZ21haWwuY29tIiwiaWF0IjoxNzAwODMxMDc0LCJleHAiOjE3MDA4MzI4NzR9.cxk35JTlQ-wH49CArxyY18VYTBpjzWo3spGE9PfyRyn2lgcJm-m50h419KAqYtGzrOFcsGhJjDOEUAl0eANZNg, eyJhbGciOiJIUzI1NiIsInR5cCI6IkpXVCJ9.eyJleHAiOjE3MDA4NjcwNzMsInVzZXJuYW1lIjoiMDAwMDAwMDAiLCJvcmdOYW1lIjoiT3JnMSIsImlhdCI6MTcwMDgzMTA3M30.fNQ3CeKOAvRffZnC3J3X0y36TNpA4b8wheGLguIZV7w, 1]}
]}
Time: 2023-11-24T20:16:59.1506352, Content: WriteRowsEventData{tableId=117, includedColumns={0, 1, 2, 3, 4, 5}, rows=[
    [0, 111, 00000000, eyJhbGciOiJIUzUxMiJ9.eyJzdWIiOiJraWVtcGhhbTEyNTZAZ21haWwuY29tIiwiaWF0IjoxNzAwODMxODE5LCJleHAiOjE3MDA4MzM2MTl9.9IAgJ8KYZx6aAFRmT-nI83iQSCsZDojI777LGwtvJ9TZ06ScHUathl82OHfHz0uC6EpwZoo_71vM3scrioKvLQ, eyJhbGciOiJIUzI1NiIsInR5cCI6IkpXVCJ9.eyJleHAiOjE3MDA4Njc4MTksInVzZXJuYW1lIjoiMDAwMDAwMDAiLCJvcmdOYW1lIjoiT3JnMSIsImlhdCI6MTcwMDgzMTgxOX0.5NvcDyx9NFWSP1-imq_ww9XohzQ-gNwW-8QzR0i-5Qw, 1]
]}
Time: 2023-11-24T20:19:28.4200877, Content: UpdateRowsEventData{tableId=120, includedColumnsBeforeUpdate={0, 1, 2, 3, 4}, includedColumns={0, 1, 2, 3, 4}, rows=[
    {before=[6, Sat Nov 25 03:12:37 ICT 2023, kiempham1256@gmail.com, 783061, 5], after=[6, Sat Nov 25 03:19:28 ICT 2023, kiempham1256@gmail.com, 931247, 5]}
]}
Time: 2023-11-24T20:24:38.763145, Content: UpdateRowsEventData{tableId=120, includedColumnsBeforeUpdate={0, 1, 2, 3, 4}, includedColumns={0, 1, 2, 3, 4}, rows=[
    {before=[6, Sat Nov 25 03:19:28 ICT 2023, kiempham1256@gmail.com, 931247, 5], after=[6, Sat Nov 25 03:24:38 ICT 2023, kiempham1256@gmail.com, 410611, 5]}
]}
Time: 2023-11-24T20:27:14.0867173, Content: UpdateRowsEventData{tableId=120, includedColumnsBeforeUpdate={0, 1, 2, 3, 4}, includedColumns={0, 1, 2, 3, 4}, rows=[
    {before=[6, Sat Nov 25 03:24:38 ICT 2023, kiempham1256@gmail.com, 410611, 5], after=[6, Sat Nov 25 03:27:14 ICT 2023, kiempham1256@gmail.com, 835826, 5]}
]}
Time: 2023-11-24T20:29:37.0955644, Content: UpdateRowsEventData{tableId=120, includedColumnsBeforeUpdate={0, 1, 2, 3, 4}, includedColumns={0, 1, 2, 3, 4}, rows=[
    {before=[6, Sat Nov 25 03:27:14 ICT 2023, kiempham1256@gmail.com, 835826, 5], after=[6, Sat Nov 25 03:29:37 ICT 2023, kiempham1256@gmail.com, 443113, 5]}
]}
Time: 2023-11-24T20:31:13.8886545, Content: UpdateRowsEventData{tableId=120, includedColumnsBeforeUpdate={0, 1, 2, 3, 4}, includedColumns={0, 1, 2, 3, 4}, rows=[
    {before=[6, Sat Nov 25 03:29:37 ICT 2023, kiempham1256@gmail.com, 443113, 5], after=[6, Sat Nov 25 03:31:13 ICT 2023, kiempham1256@gmail.com, 013432, 5]}
]}
Time: 2023-11-24T20:34:48.3365659, Content: UpdateRowsEventData{tableId=117, includedColumnsBeforeUpdate={0, 1, 2, 3, 4, 5}, includedColumns={0, 1, 2, 3, 4, 5}, rows=[
    {before=[0, 106, 9201fcba, eyJhbGciOiJIUzUxMiJ9.eyJzdWIiOiJraWVtcGhhbTEyNDVAZ21haWwuY29tIiwiaWF0IjoxNzAwODI0MDc4LCJleHAiOjE3MDA4MjU4Nzh9.1MwJQjKftdLAMH3F6Sfy0z9ETX4odYsY5R8-0SuEYKoJzDRYHfGAq0ddyOWLcVuUYKoFOVcm2WOuiF4Bkftfpw, eyJhbGciOiJIUzI1NiIsInR5cCI6IkpXVCJ9.eyJleHAiOjE3MDA4NjAwNzgsInVzZXJuYW1lIjoiOTIwMWZjYmEiLCJvcmdOYW1lIjoiT3JnMSIsImlhdCI6MTcwMDgyNDA3OH0.6V6ZNwSfJ5K-co9YW-_ABkhfLWMM70_Ntoz_EF_T2tE, 1], after=[-1, 106, 9201fcba, eyJhbGciOiJIUzUxMiJ9.eyJzdWIiOiJraWVtcGhhbTEyNDVAZ21haWwuY29tIiwiaWF0IjoxNzAwODI0MDc4LCJleHAiOjE3MDA4MjU4Nzh9.1MwJQjKftdLAMH3F6Sfy0z9ETX4odYsY5R8-0SuEYKoJzDRYHfGAq0ddyOWLcVuUYKoFOVcm2WOuiF4Bkftfpw, eyJhbGciOiJIUzI1NiIsInR5cCI6IkpXVCJ9.eyJleHAiOjE3MDA4NjAwNzgsInVzZXJuYW1lIjoiOTIwMWZjYmEiLCJvcmdOYW1lIjoiT3JnMSIsImlhdCI6MTcwMDgyNDA3OH0.6V6ZNwSfJ5K-co9YW-_ABkhfLWMM70_Ntoz_EF_T2tE, 1]}
]}
Time: 2023-11-24T20:34:48.3378052, Content: WriteRowsEventData{tableId=117, includedColumns={0, 1, 2, 3, 4, 5}, rows=[
    [0, 112, 9201fcba, eyJhbGciOiJIUzUxMiJ9.eyJzdWIiOiJraWVtcGhhbTEyNDVAZ21haWwuY29tIiwiaWF0IjoxNzAwODMyODg4LCJleHAiOjE3MDA4MzQ2ODh9.vyLZ3rwXKxl7ip-eloq2o5S6aPOlwU1TQXO5lPY1UTthMF2y8FOUJHg_FWiN-zTKwYreerjxX9J2F-42TXq1Kg, eyJhbGciOiJIUzI1NiIsInR5cCI6IkpXVCJ9.eyJleHAiOjE3MDA4Njg4ODgsInVzZXJuYW1lIjoiOTIwMWZjYmEiLCJvcmdOYW1lIjoiT3JnMSIsImlhdCI6MTcwMDgzMjg4OH0.jTFYHCADGhLltAwYlhF5TdEWAyyMmlVayMrLJVL-wXI, 1]
]}
