Time: 2023-11-09T18:49:14.8173543, Content: UpdateRowsEventData{tableId=99, includedColumnsBeforeUpdate={0, 1, 2}, includedColumns={0, 1, 2}, rows=[
    {before=[5, 222, oke], after=[5, 222, oke2]}
]}
Time: 2023-11-09T18:53:12.4389297, Content: UpdateRowsEventData{tableId=99, includedColumnsBeforeUpdate={0, 1, 2}, includedColumns={0, 1, 2}, rows=[
    {before=[5, 222, oke2], after=[5, 222, oke]}
]}
Time: 2023-11-09T18:55:24.1082189, Content: UpdateRowsEventData{tableId=99, includedColumnsBeforeUpdate={0, 1, 2}, includedColumns={0, 1, 2}, rows=[
    {before=[5, 222, oke], after=[5, 222, oke2]}
]}
Time: 2023-11-09T18:57:54.4673063, Content: UpdateRowsEventData{tableId=99, includedColumnsBeforeUpdate={0, 1, 2}, includedColumns={0, 1, 2}, rows=[
    {before=[5, 222, oke2], after=[5, 222, oke]}
]}
Time: 2023-11-09T19:16:32.6467104, Content: UpdateRowsEventData{tableId=99, includedColumnsBeforeUpdate={0, 1, 2}, includedColumns={0, 1, 2}, rows=[
    {before=[5, 222, oke], after=[5, 222, oke2]}
]}
Time: 2023-11-09T19:18:20.4657636, Content: UpdateRowsEventData{tableId=99, includedColumnsBeforeUpdate={0, 1, 2}, includedColumns={0, 1, 2}, rows=[
    {before=[5, 222, oke2], after=[5, 222, oke]}
]}
Time: 2023-11-09T19:20:25.9723566, Content: UpdateRowsEventData{tableId=99, includedColumnsBeforeUpdate={0, 1, 2}, includedColumns={0, 1, 2}, rows=[
    {before=[5, 222, oke], after=[5, 222, oke2]}
]}
Time: 2023-11-09T19:21:40.9261088, Content: UpdateRowsEventData{tableId=99, includedColumnsBeforeUpdate={0, 1, 2}, includedColumns={0, 1, 2}, rows=[
    {before=[5, 222, oke2], after=[5, 222, oke]}
]}
Time: 2023-11-09T19:25:52.7587463, Content: UpdateRowsEventData{tableId=99, includedColumnsBeforeUpdate={0, 1, 2}, includedColumns={0, 1, 2}, rows=[
    {before=[5, 222, oke], after=[5, 222, oke1]}
]}
Time: 2023-11-09T19:26:56.0045213, Content: UpdateRowsEventData{tableId=99, includedColumnsBeforeUpdate={0, 1, 2}, includedColumns={0, 1, 2}, rows=[
    {before=[5, 222, oke1], after=[5, 222, oke12]}
]}
Time: 2023-11-09T19:30:56.631579, Content: UpdateRowsEventData{tableId=99, includedColumnsBeforeUpdate={0, 1, 2}, includedColumns={0, 1, 2}, rows=[
    {before=[5, 222, oke12], after=[5, 222, oke1]}
]}
Time: 2023-11-09T19:33:20.2889966, Content: UpdateRowsEventData{tableId=99, includedColumnsBeforeUpdate={0, 1, 2}, includedColumns={0, 1, 2}, rows=[
    {before=[5, 222, oke1], after=[5, 222, oke12]}
]}
