Time: 2023-11-09T18:57:47.2718875, Content: UpdateRowsEventData{tableId=105, includedColumnsBeforeUpdate={0, 1, 2, 3, 4, 5}, includedColumns={0, 1, 2, 3, 4, 5}, rows=[
    {before=[48, UPDATE Transaction, 5, {}, 2023-11-09 18:49:14.0, {"amount": 222, "description": "oke", "transactionCode": 5}], after=[48, UPDATE Transaction, 5, {0}, 2023-11-09 18:49:14.0, {"amount": 222, "description": "oke", "transactionCode": 5}]},
    {before=[49, UPDATE Transaction, 5, {}, 2023-11-09 18:53:12.0, {"amount": 222, "description": "oke2", "transactionCode": 5}], after=[49, UPDATE Transaction, 5, {0}, 2023-11-09 18:53:12.0, {"amount": 222, "description": "oke2", "transactionCode": 5}]},
    {before=[50, UPDATE Transaction, 5, {}, 2023-11-09 18:55:24.0, {"amount": 222, "description": "oke", "transactionCode": 5}], after=[50, UPDATE Transaction, 5, {0}, 2023-11-09 18:55:24.0, {"amount": 222, "description": "oke", "transactionCode": 5}]}
]}
Time: 2023-11-09T18:57:54.5704309, Content: WriteRowsEventData{tableId=105, includedColumns={0, 1, 2, 3, 4, 5}, rows=[
    [51, UPDATE Transaction, 5, {}, 2023-11-09 18:57:54.0, {"amount": 222, "description": "oke2", "transactionCode": 5}]
]}
Time: 2023-11-09T19:16:33.1903621, Content: WriteRowsEventData{tableId=105, includedColumns={0, 1, 2, 3, 4, 5}, rows=[
    [52, UPDATE Transaction, 5, {}, 2023-11-09 19:16:32.0, {"amount": 222, "description": "oke", "transactionCode": 5}]
]}
Time: 2023-11-09T19:18:21.0009331, Content: WriteRowsEventData{tableId=105, includedColumns={0, 1, 2, 3, 4, 5}, rows=[
    [53, UPDATE Transaction, 5, {}, 2023-11-09 19:18:20.0, {"amount": 222, "description": "oke2", "transactionCode": 5}]
]}
Time: 2023-11-09T19:20:26.476008, Content: WriteRowsEventData{tableId=105, includedColumns={0, 1, 2, 3, 4, 5}, rows=[
    [54, UPDATE Transaction, 5, {}, 2023-11-09 19:20:25.0, {"amount": 222, "description": "oke", "transactionCode": 5}]
]}
Time: 2023-11-09T19:21:32.5137101, Content: UpdateRowsEventData{tableId=105, includedColumnsBeforeUpdate={0, 1, 2, 3, 4, 5}, includedColumns={0, 1, 2, 3, 4, 5}, rows=[
    {before=[51, UPDATE Transaction, 5, {}, 2023-11-09 18:57:54.0, {"amount": 222, "description": "oke2", "transactionCode": 5}], after=[51, UPDATE Transaction, 5, {0}, 2023-11-09 18:57:54.0, {"amount": 222, "description": "oke2", "transactionCode": 5}]},
    {before=[52, UPDATE Transaction, 5, {}, 2023-11-09 19:16:32.0, {"amount": 222, "description": "oke", "transactionCode": 5}], after=[52, UPDATE Transaction, 5, {0}, 2023-11-09 19:16:32.0, {"amount": 222, "description": "oke", "transactionCode": 5}]},
    {before=[53, UPDATE Transaction, 5, {}, 2023-11-09 19:18:20.0, {"amount": 222, "description": "oke2", "transactionCode": 5}], after=[53, UPDATE Transaction, 5, {0}, 2023-11-09 19:18:20.0, {"amount": 222, "description": "oke2", "transactionCode": 5}]},
    {before=[54, UPDATE Transaction, 5, {}, 2023-11-09 19:20:25.0, {"amount": 222, "description": "oke", "transactionCode": 5}], after=[54, UPDATE Transaction, 5, {0}, 2023-11-09 19:20:25.0, {"amount": 222, "description": "oke", "transactionCode": 5}]}
]}
Time: 2023-11-09T19:21:41.4806837, Content: WriteRowsEventData{tableId=105, includedColumns={0, 1, 2, 3, 4, 5}, rows=[
    [55, UPDATE Transaction, 5, {}, 2023-11-09 19:21:40.0, {"amount": 222, "description": "oke2", "transactionCode": 5}]
]}
Time: 2023-11-09T19:25:44.7276009, Content: UpdateRowsEventData{tableId=105, includedColumnsBeforeUpdate={0, 1, 2, 3, 4, 5}, includedColumns={0, 1, 2, 3, 4, 5}, rows=[
    {before=[55, UPDATE Transaction, 5, {}, 2023-11-09 19:21:40.0, {"amount": 222, "description": "oke2", "transactionCode": 5}], after=[55, UPDATE Transaction, 5, {0}, 2023-11-09 19:21:40.0, {"amount": 222, "description": "oke2", "transactionCode": 5}]}
]}
Time: 2023-11-09T19:25:53.2833583, Content: WriteRowsEventData{tableId=105, includedColumns={0, 1, 2, 3, 4, 5}, rows=[
    [56, UPDATE Transaction, 5, {}, 2023-11-09 19:25:52.0, {"amount": 222, "description": "oke", "transactionCode": 5}]
]}
Time: 2023-11-09T19:26:56.5611589, Content: WriteRowsEventData{tableId=105, includedColumns={0, 1, 2, 3, 4, 5}, rows=[
    [57, UPDATE Transaction, 5, {}, 2023-11-09 19:26:55.0, {"amount": 222, "description": "oke1", "transactionCode": 5}]
]}
Time: 2023-11-09T19:30:56.6379874, Content: WriteRowsEventData{tableId=105, includedColumns={0, 1, 2, 3, 4, 5}, rows=[
    [58, UPDATE Transaction, 5, {}, 2023-11-09 19:30:56.0, {"amount": 222, "description": "oke12", "transactionCode": 5}]
]}
Time: 2023-11-09T19:33:20.8351629, Content: WriteRowsEventData{tableId=105, includedColumns={0, 1, 2, 3, 4, 5}, rows=[
    [59, UPDATE Transaction, 5, {}, 2023-11-09 19:33:20.0, {"amount": 222, "description": "oke1", "transactionCode": 5}]
]}
