#
# There is insufficient memory for the Java Runtime Environment to continue.
# Native memory allocation (malloc) failed to allocate 663056 bytes for Chunk::new
# Possible reasons:
#   The system is out of physical RAM or swap space
#   The process is running with CompressedOops enabled, and the Java Heap may be blocking the growth of the native heap
# Possible solutions:
#   Reduce memory load on the system
#   Increase physical memory or swap space
#   Check if swap backing store is full
#   Decrease Java heap size (-Xmx/-Xms)
#   Decrease number of Java threads
#   Decrease Java thread stack sizes (-Xss)
#   Set larger code cache with -XX:ReservedCodeCacheSize=
#   JVM is running with Zero Based Compressed Oops mode in which the Java heap is
#     placed in the first 32GB address space. The Java Heap base address is the
#     maximum limit for the native heap growth. Please use -XX:HeapBaseMinAddress
#     to set the Java Heap base and to place the Java Heap above 32GB virtual address.
# This output file may be truncated or incomplete.
#
#  Out of Memory Error (arena.cpp:189), pid=2664, tid=6464
#
# JRE version: Java(TM) SE Runtime Environment (17.0.6+9) (build 17.0.6+9-LTS-190)
# Java VM: Java HotSpot(TM) 64-Bit Server VM (17.0.6+9-LTS-190, mixed mode, sharing, tiered, compressed oops, compressed class ptrs, g1 gc, windows-amd64)
# No core dump will be written. Minidumps are not enabled by default on client versions of Windows
#

---------------  S U M M A R Y ------------

Command Line: -javaagent:C:\Program Files\JetBrains\IntelliJ IDEA Community Edition 2022.1\lib\idea_rt.jar=59309:C:\Program Files\JetBrains\IntelliJ IDEA Community Edition 2022.1\bin -Dfile.encoding=UTF-8 com.kma.DATN.DatnApplication

Host: AMD Ryzen 7 4800H with Radeon Graphics         , 16 cores, 23G,  Windows 11 , 64 bit Build 22621 (10.0.22621.2428)
Time: Tue Oct 31 18:30:02 2023 SE Asia Standard Time elapsed time: 0.874825 seconds (0d 0h 0m 0s)

---------------  T H R E A D  ---------------

Current thread (0x000001acb3fae5a0):  JavaThread "C2 CompilerThread0" daemon [_thread_in_native, id=6464, stack(0x00000040c5300000,0x00000040c5400000)]


Current CompileTask:
C2:    875 1893       4       jdk.internal.org.objectweb.asm.Frame::execute (2305 bytes)

Stack: [0x00000040c5300000,0x00000040c5400000]
Native frames: (J=compiled Java code, j=interpreted, Vv=VM code, C=native code)
V  [jvm.dll+0x6734ea]
V  [jvm.dll+0x7d18f4]
V  [jvm.dll+0x7d309e]
V  [jvm.dll+0x7d3703]
V  [jvm.dll+0x2433c5]
V  [jvm.dll+0xaa46b]
V  [jvm.dll+0xaaa0c]
V  [jvm.dll+0x2a8b1f]
V  [jvm.dll+0x57bf85]
V  [jvm.dll+0x21e142]
V  [jvm.dll+0x217500]
V  [jvm.dll+0x215109]
V  [jvm.dll+0x1a1730]
V  [jvm.dll+0x224b6e]
V  [jvm.dll+0x222f15]
V  [jvm.dll+0x78753c]
V  [jvm.dll+0x781a7a]
V  [jvm.dll+0x672375]
C  [ucrtbase.dll+0x29363]
C  [KERNEL32.DLL+0x1257d]
C  [ntdll.dll+0x5aa78]


---------------  P R O C E S S  ---------------

Threads class SMR info:
_java_thread_list=0x000001acb61d7e10, length=20, elements={
0x000001ac8c248370, 0x000001acb3f94d40, 0x000001acb3f96fc0, 0x000001acb3fa57d0,
0x000001acb3fa6380, 0x000001acb3fa8e40, 0x000001acb3fa97f0, 0x000001acb3fae5a0,
0x000001acb4c14950, 0x000001acb4c46f20, 0x000001acb3f7ef30, 0x000001acb4d31410,
0x000001acb4d77d30, 0x000001acb4e1ba60, 0x000001acb4e1bf30, 0x000001acb53bdbe0,
0x000001acb54a0d90, 0x000001acb52bd620, 0x000001acb5a28750, 0x000001acb6134210
}

Java Threads: ( => current thread )
  0x000001ac8c248370 JavaThread "main" [_thread_in_Java, id=3332, stack(0x00000040c4600000,0x00000040c4700000)]
  0x000001acb3f94d40 JavaThread "Reference Handler" daemon [_thread_blocked, id=21568, stack(0x00000040c4d00000,0x00000040c4e00000)]
  0x000001acb3f96fc0 JavaThread "Finalizer" daemon [_thread_blocked, id=3260, stack(0x00000040c4e00000,0x00000040c4f00000)]
  0x000001acb3fa57d0 JavaThread "Signal Dispatcher" daemon [_thread_blocked, id=15236, stack(0x00000040c4f00000,0x00000040c5000000)]
  0x000001acb3fa6380 JavaThread "Attach Listener" daemon [_thread_blocked, id=24640, stack(0x00000040c5000000,0x00000040c5100000)]
  0x000001acb3fa8e40 JavaThread "Service Thread" daemon [_thread_blocked, id=22852, stack(0x00000040c5100000,0x00000040c5200000)]
  0x000001acb3fa97f0 JavaThread "Monitor Deflation Thread" daemon [_thread_blocked, id=24424, stack(0x00000040c5200000,0x00000040c5300000)]
=>0x000001acb3fae5a0 JavaThread "C2 CompilerThread0" daemon [_thread_in_native, id=6464, stack(0x00000040c5300000,0x00000040c5400000)]
  0x000001acb4c14950 JavaThread "C1 CompilerThread0" daemon [_thread_blocked, id=1584, stack(0x00000040c5400000,0x00000040c5500000)]
  0x000001acb4c46f20 JavaThread "Sweeper thread" daemon [_thread_blocked, id=17984, stack(0x00000040c5500000,0x00000040c5600000)]
  0x000001acb3f7ef30 JavaThread "Common-Cleaner" daemon [_thread_blocked, id=22556, stack(0x00000040c5600000,0x00000040c5700000)]
  0x000001acb4d31410 JavaThread "C1 CompilerThread1" daemon [_thread_blocked, id=23000, stack(0x00000040c5700000,0x00000040c5800000)]
  0x000001acb4d77d30 JavaThread "C2 CompilerThread1" daemon [_thread_blocked, id=8852, stack(0x00000040c5800000,0x00000040c5900000)]
  0x000001acb4e1ba60 JavaThread "Monitor Ctrl-Break" daemon [_thread_in_native, id=23248, stack(0x00000040c5900000,0x00000040c5a00000)]
  0x000001acb4e1bf30 JavaThread "Notification Thread" daemon [_thread_blocked, id=12512, stack(0x00000040c5a00000,0x00000040c5b00000)]
  0x000001acb53bdbe0 JavaThread "C2 CompilerThread2" daemon [_thread_blocked, id=28636, stack(0x00000040c5c00000,0x00000040c5d00000)]
  0x000001acb54a0d90 JavaThread "C2 CompilerThread3" daemon [_thread_blocked, id=11396, stack(0x00000040c5d00000,0x00000040c5e00000)]
  0x000001acb52bd620 JavaThread "C1 CompilerThread2" daemon [_thread_blocked, id=17024, stack(0x00000040c5e00000,0x00000040c5f00000)]
  0x000001acb5a28750 JavaThread "background-preinit" [_thread_in_native, id=2540, stack(0x00000040c6700000,0x00000040c6800000)]
  0x000001acb6134210 JavaThread "C1 CompilerThread3" daemon [_thread_blocked, id=22452, stack(0x00000040c6800000,0x00000040c6900000)]

Other Threads:
  0x000001acb3f8f140 VMThread "VM Thread" [stack: 0x00000040c4c00000,0x00000040c4d00000] [id=23988]
  0x000001acb4e1c400 WatcherThread [stack: 0x00000040c5b00000,0x00000040c5c00000] [id=28436]
  0x000001ac8c2d2240 GCTaskThread "GC Thread#0" [stack: 0x00000040c4700000,0x00000040c4800000] [id=18696]
  0x000001acb56dd450 GCTaskThread "GC Thread#1" [stack: 0x00000040c5f00000,0x00000040c6000000] [id=23516]
  0x000001acb60fc050 GCTaskThread "GC Thread#2" [stack: 0x00000040c6000000,0x00000040c6100000] [id=23332]
  0x000001acb67b1c50 GCTaskThread "GC Thread#3" [stack: 0x00000040c6100000,0x00000040c6200000] [id=28496]
  0x000001acb56d9800 GCTaskThread "GC Thread#4" [stack: 0x00000040c6200000,0x00000040c6300000] [id=13388]
  0x000001acb5ef3690 GCTaskThread "GC Thread#5" [stack: 0x00000040c6300000,0x00000040c6400000] [id=15416]
  0x000001acb5ef3940 GCTaskThread "GC Thread#6" [stack: 0x00000040c6400000,0x00000040c6500000] [id=4952]
  0x000001acb5ef3bf0 GCTaskThread "GC Thread#7" [stack: 0x00000040c6500000,0x00000040c6600000] [id=6032]
  0x000001acb5ef3ea0 GCTaskThread "GC Thread#8" [stack: 0x00000040c6600000,0x00000040c6700000] [id=5152]
  0x000001ac8c2dfce0 ConcurrentGCThread "G1 Main Marker" [stack: 0x00000040c4800000,0x00000040c4900000] [id=17176]
  0x000001ac8c2e06f0 ConcurrentGCThread "G1 Conc#0" [stack: 0x00000040c4900000,0x00000040c4a00000] [id=21928]
  0x000001acb3e4a670 ConcurrentGCThread "G1 Refine#0" [stack: 0x00000040c4a00000,0x00000040c4b00000] [id=28080]
  0x000001acb3e4cfb0 ConcurrentGCThread "G1 Service" [stack: 0x00000040c4b00000,0x00000040c4c00000] [id=13524]

Threads with active compile tasks:
C2 CompilerThread0      900 1893       4       jdk.internal.org.objectweb.asm.Frame::execute (2305 bytes)

VM state: not at safepoint (normal execution)

VM Mutex/Monitor currently owned by a thread: None

Heap address: 0x0000000689400000, size: 5996 MB, Compressed Oops mode: Zero based, Oop shift amount: 3

CDS archive(s) mapped at: [0x0000000800000000-0x0000000800bd0000-0x0000000800bd0000), size 12386304, SharedBaseAddress: 0x0000000800000000, ArchiveRelocationMode: 0.
Compressed class space mapped at: 0x0000000800c00000-0x0000000840c00000, reserved size: 1073741824
Narrow klass base: 0x0000000800000000, Narrow klass shift: 0, Narrow klass range: 0x100000000

GC Precious Log:
 CPUs: 16 total, 16 available
 Memory: 23983M
 Large Page Support: Disabled
 NUMA Support: Disabled
 Compressed Oops: Enabled (Zero based)
 Heap Region Size: 4M
 Heap Min Capacity: 8M
 Heap Initial Capacity: 376M
 Heap Max Capacity: 5996M
 Pre-touch: Disabled
 Parallel Workers: 13
 Concurrent Workers: 3
 Concurrent Refinement Workers: 13
 Periodic GC: Disabled

Heap:
 garbage-first heap   total 385024K, used 20017K [0x0000000689400000, 0x0000000800000000)
  region size 4096K, 5 young (20480K), 1 survivors (4096K)
 Metaspace       used 13009K, committed 13248K, reserved 1064960K
  class space    used 1568K, committed 1664K, reserved 1048576K

Heap Regions: E=young(eden), S=young(survivor), O=old, HS=humongous(starts), HC=humongous(continues), CS=collection set, F=free, OA=open archive, CA=closed archive, TAMS=top-at-mark-start (previous, next)
|   0|0x0000000689400000, 0x0000000689800000, 0x0000000689800000|100%| O|  |TAMS 0x0000000689400000, 0x0000000689400000| Untracked 
|   1|0x0000000689800000, 0x0000000689a24200, 0x0000000689c00000| 53%| O|  |TAMS 0x0000000689800000, 0x0000000689800000| Untracked 
|   2|0x0000000689c00000, 0x0000000689c00000, 0x000000068a000000|  0%| F|  |TAMS 0x0000000689c00000, 0x0000000689c00000| Untracked 
|   3|0x000000068a000000, 0x000000068a000000, 0x000000068a400000|  0%| F|  |TAMS 0x000000068a000000, 0x000000068a000000| Untracked 
|   4|0x000000068a400000, 0x000000068a400000, 0x000000068a800000|  0%| F|  |TAMS 0x000000068a400000, 0x000000068a400000| Untracked 
|   5|0x000000068a800000, 0x000000068a800000, 0x000000068ac00000|  0%| F|  |TAMS 0x000000068a800000, 0x000000068a800000| Untracked 
|   6|0x000000068ac00000, 0x000000068ac00000, 0x000000068b000000|  0%| F|  |TAMS 0x000000068ac00000, 0x000000068ac00000| Untracked 
|   7|0x000000068b000000, 0x000000068b000000, 0x000000068b400000|  0%| F|  |TAMS 0x000000068b000000, 0x000000068b000000| Untracked 
|   8|0x000000068b400000, 0x000000068b400000, 0x000000068b800000|  0%| F|  |TAMS 0x000000068b400000, 0x000000068b400000| Untracked 
|   9|0x000000068b800000, 0x000000068b800000, 0x000000068bc00000|  0%| F|  |TAMS 0x000000068b800000, 0x000000068b800000| Untracked 
|  10|0x000000068bc00000, 0x000000068bc00000, 0x000000068c000000|  0%| F|  |TAMS 0x000000068bc00000, 0x000000068bc00000| Untracked 
|  11|0x000000068c000000, 0x000000068c000000, 0x000000068c400000|  0%| F|  |TAMS 0x000000068c000000, 0x000000068c000000| Untracked 
|  12|0x000000068c400000, 0x000000068c400000, 0x000000068c800000|  0%| F|  |TAMS 0x000000068c400000, 0x000000068c400000| Untracked 
|  13|0x000000068c800000, 0x000000068c800000, 0x000000068cc00000|  0%| F|  |TAMS 0x000000068c800000, 0x000000068c800000| Untracked 
|  14|0x000000068cc00000, 0x000000068cc00000, 0x000000068d000000|  0%| F|  |TAMS 0x000000068cc00000, 0x000000068cc00000| Untracked 
|  15|0x000000068d000000, 0x000000068d000000, 0x000000068d400000|  0%| F|  |TAMS 0x000000068d000000, 0x000000068d000000| Untracked 
|  16|0x000000068d400000, 0x000000068d400000, 0x000000068d800000|  0%| F|  |TAMS 0x000000068d400000, 0x000000068d400000| Untracked 
|  17|0x000000068d800000, 0x000000068d800000, 0x000000068dc00000|  0%| F|  |TAMS 0x000000068d800000, 0x000000068d800000| Untracked 
|  18|0x000000068dc00000, 0x000000068dc00000, 0x000000068e000000|  0%| F|  |TAMS 0x000000068dc00000, 0x000000068dc00000| Untracked 
|  19|0x000000068e000000, 0x000000068e000000, 0x000000068e400000|  0%| F|  |TAMS 0x000000068e000000, 0x000000068e000000| Untracked 
|  20|0x000000068e400000, 0x000000068e400000, 0x000000068e800000|  0%| F|  |TAMS 0x000000068e400000, 0x000000068e400000| Untracked 
|  21|0x000000068e800000, 0x000000068e800000, 0x000000068ec00000|  0%| F|  |TAMS 0x000000068e800000, 0x000000068e800000| Untracked 
|  22|0x000000068ec00000, 0x000000068ec00000, 0x000000068f000000|  0%| F|  |TAMS 0x000000068ec00000, 0x000000068ec00000| Untracked 
|  23|0x000000068f000000, 0x000000068f000000, 0x000000068f400000|  0%| F|  |TAMS 0x000000068f000000, 0x000000068f000000| Untracked 
|  24|0x000000068f400000, 0x000000068f400000, 0x000000068f800000|  0%| F|  |TAMS 0x000000068f400000, 0x000000068f400000| Untracked 
|  25|0x000000068f800000, 0x000000068f800000, 0x000000068fc00000|  0%| F|  |TAMS 0x000000068f800000, 0x000000068f800000| Untracked 
|  26|0x000000068fc00000, 0x000000068fc00000, 0x0000000690000000|  0%| F|  |TAMS 0x000000068fc00000, 0x000000068fc00000| Untracked 
|  27|0x0000000690000000, 0x0000000690000000, 0x0000000690400000|  0%| F|  |TAMS 0x0000000690000000, 0x0000000690000000| Untracked 
|  28|0x0000000690400000, 0x0000000690400000, 0x0000000690800000|  0%| F|  |TAMS 0x0000000690400000, 0x0000000690400000| Untracked 
|  29|0x0000000690800000, 0x0000000690800000, 0x0000000690c00000|  0%| F|  |TAMS 0x0000000690800000, 0x0000000690800000| Untracked 
|  30|0x0000000690c00000, 0x0000000690c00000, 0x0000000691000000|  0%| F|  |TAMS 0x0000000690c00000, 0x0000000690c00000| Untracked 
|  31|0x0000000691000000, 0x0000000691000000, 0x0000000691400000|  0%| F|  |TAMS 0x0000000691000000, 0x0000000691000000| Untracked 
|  32|0x0000000691400000, 0x0000000691400000, 0x0000000691800000|  0%| F|  |TAMS 0x0000000691400000, 0x0000000691400000| Untracked 
|  33|0x0000000691800000, 0x0000000691800000, 0x0000000691c00000|  0%| F|  |TAMS 0x0000000691800000, 0x0000000691800000| Untracked 
|  34|0x0000000691c00000, 0x0000000691c00000, 0x0000000692000000|  0%| F|  |TAMS 0x0000000691c00000, 0x0000000691c00000| Untracked 
|  35|0x0000000692000000, 0x0000000692000000, 0x0000000692400000|  0%| F|  |TAMS 0x0000000692000000, 0x0000000692000000| Untracked 
|  36|0x0000000692400000, 0x0000000692400000, 0x0000000692800000|  0%| F|  |TAMS 0x0000000692400000, 0x0000000692400000| Untracked 
|  37|0x0000000692800000, 0x0000000692800000, 0x0000000692c00000|  0%| F|  |TAMS 0x0000000692800000, 0x0000000692800000| Untracked 
|  38|0x0000000692c00000, 0x0000000692c00000, 0x0000000693000000|  0%| F|  |TAMS 0x0000000692c00000, 0x0000000692c00000| Untracked 
|  39|0x0000000693000000, 0x0000000693000000, 0x0000000693400000|  0%| F|  |TAMS 0x0000000693000000, 0x0000000693000000| Untracked 
|  40|0x0000000693400000, 0x0000000693400000, 0x0000000693800000|  0%| F|  |TAMS 0x0000000693400000, 0x0000000693400000| Untracked 
|  41|0x0000000693800000, 0x0000000693800000, 0x0000000693c00000|  0%| F|  |TAMS 0x0000000693800000, 0x0000000693800000| Untracked 
|  42|0x0000000693c00000, 0x0000000693c00000, 0x0000000694000000|  0%| F|  |TAMS 0x0000000693c00000, 0x0000000693c00000| Untracked 
|  43|0x0000000694000000, 0x0000000694000000, 0x0000000694400000|  0%| F|  |TAMS 0x0000000694000000, 0x0000000694000000| Untracked 
|  44|0x0000000694400000, 0x0000000694400000, 0x0000000694800000|  0%| F|  |TAMS 0x0000000694400000, 0x0000000694400000| Untracked 
|  45|0x0000000694800000, 0x0000000694800000, 0x0000000694c00000|  0%| F|  |TAMS 0x0000000694800000, 0x0000000694800000| Untracked 
|  46|0x0000000694c00000, 0x0000000694c00000, 0x0000000695000000|  0%| F|  |TAMS 0x0000000694c00000, 0x0000000694c00000| Untracked 
|  47|0x0000000695000000, 0x0000000695000000, 0x0000000695400000|  0%| F|  |TAMS 0x0000000695000000, 0x0000000695000000| Untracked 
|  48|0x0000000695400000, 0x0000000695400000, 0x0000000695800000|  0%| F|  |TAMS 0x0000000695400000, 0x0000000695400000| Untracked 
|  49|0x0000000695800000, 0x0000000695800000, 0x0000000695c00000|  0%| F|  |TAMS 0x0000000695800000, 0x0000000695800000| Untracked 
|  50|0x0000000695c00000, 0x0000000695c00000, 0x0000000696000000|  0%| F|  |TAMS 0x0000000695c00000, 0x0000000695c00000| Untracked 
|  51|0x0000000696000000, 0x0000000696000000, 0x0000000696400000|  0%| F|  |TAMS 0x0000000696000000, 0x0000000696000000| Untracked 
|  52|0x0000000696400000, 0x0000000696400000, 0x0000000696800000|  0%| F|  |TAMS 0x0000000696400000, 0x0000000696400000| Untracked 
|  53|0x0000000696800000, 0x0000000696800000, 0x0000000696c00000|  0%| F|  |TAMS 0x0000000696800000, 0x0000000696800000| Untracked 
|  54|0x0000000696c00000, 0x0000000696c00000, 0x0000000697000000|  0%| F|  |TAMS 0x0000000696c00000, 0x0000000696c00000| Untracked 
|  55|0x0000000697000000, 0x0000000697000000, 0x0000000697400000|  0%| F|  |TAMS 0x0000000697000000, 0x0000000697000000| Untracked 
|  56|0x0000000697400000, 0x0000000697400000, 0x0000000697800000|  0%| F|  |TAMS 0x0000000697400000, 0x0000000697400000| Untracked 
|  57|0x0000000697800000, 0x0000000697800000, 0x0000000697c00000|  0%| F|  |TAMS 0x0000000697800000, 0x0000000697800000| Untracked 
|  58|0x0000000697c00000, 0x0000000697c00000, 0x0000000698000000|  0%| F|  |TAMS 0x0000000697c00000, 0x0000000697c00000| Untracked 
|  59|0x0000000698000000, 0x0000000698000000, 0x0000000698400000|  0%| F|  |TAMS 0x0000000698000000, 0x0000000698000000| Untracked 
|  60|0x0000000698400000, 0x0000000698400000, 0x0000000698800000|  0%| F|  |TAMS 0x0000000698400000, 0x0000000698400000| Untracked 
|  61|0x0000000698800000, 0x0000000698800000, 0x0000000698c00000|  0%| F|  |TAMS 0x0000000698800000, 0x0000000698800000| Untracked 
|  62|0x0000000698c00000, 0x0000000698c00000, 0x0000000699000000|  0%| F|  |TAMS 0x0000000698c00000, 0x0000000698c00000| Untracked 
|  63|0x0000000699000000, 0x0000000699000000, 0x0000000699400000|  0%| F|  |TAMS 0x0000000699000000, 0x0000000699000000| Untracked 
|  64|0x0000000699400000, 0x0000000699400000, 0x0000000699800000|  0%| F|  |TAMS 0x0000000699400000, 0x0000000699400000| Untracked 
|  65|0x0000000699800000, 0x0000000699800000, 0x0000000699c00000|  0%| F|  |TAMS 0x0000000699800000, 0x0000000699800000| Untracked 
|  66|0x0000000699c00000, 0x0000000699c00000, 0x000000069a000000|  0%| F|  |TAMS 0x0000000699c00000, 0x0000000699c00000| Untracked 
|  67|0x000000069a000000, 0x000000069a000000, 0x000000069a400000|  0%| F|  |TAMS 0x000000069a000000, 0x000000069a000000| Untracked 
|  68|0x000000069a400000, 0x000000069a400000, 0x000000069a800000|  0%| F|  |TAMS 0x000000069a400000, 0x000000069a400000| Untracked 
|  69|0x000000069a800000, 0x000000069a800000, 0x000000069ac00000|  0%| F|  |TAMS 0x000000069a800000, 0x000000069a800000| Untracked 
|  70|0x000000069ac00000, 0x000000069ac00000, 0x000000069b000000|  0%| F|  |TAMS 0x000000069ac00000, 0x000000069ac00000| Untracked 
|  71|0x000000069b000000, 0x000000069b000000, 0x000000069b400000|  0%| F|  |TAMS 0x000000069b000000, 0x000000069b000000| Untracked 
|  72|0x000000069b400000, 0x000000069b400000, 0x000000069b800000|  0%| F|  |TAMS 0x000000069b400000, 0x000000069b400000| Untracked 
|  73|0x000000069b800000, 0x000000069b800000, 0x000000069bc00000|  0%| F|  |TAMS 0x000000069b800000, 0x000000069b800000| Untracked 
|  74|0x000000069bc00000, 0x000000069bc00000, 0x000000069c000000|  0%| F|  |TAMS 0x000000069bc00000, 0x000000069bc00000| Untracked 
|  75|0x000000069c000000, 0x000000069c000000, 0x000000069c400000|  0%| F|  |TAMS 0x000000069c000000, 0x000000069c000000| Untracked 
|  76|0x000000069c400000, 0x000000069c400000, 0x000000069c800000|  0%| F|  |TAMS 0x000000069c400000, 0x000000069c400000| Untracked 
|  77|0x000000069c800000, 0x000000069c800000, 0x000000069cc00000|  0%| F|  |TAMS 0x000000069c800000, 0x000000069c800000| Untracked 
|  78|0x000000069cc00000, 0x000000069cc00000, 0x000000069d000000|  0%| F|  |TAMS 0x000000069cc00000, 0x000000069cc00000| Untracked 
|  79|0x000000069d000000, 0x000000069d000000, 0x000000069d400000|  0%| F|  |TAMS 0x000000069d000000, 0x000000069d000000| Untracked 
|  80|0x000000069d400000, 0x000000069d400000, 0x000000069d800000|  0%| F|  |TAMS 0x000000069d400000, 0x000000069d400000| Untracked 
|  81|0x000000069d800000, 0x000000069d800000, 0x000000069dc00000|  0%| F|  |TAMS 0x000000069d800000, 0x000000069d800000| Untracked 
|  82|0x000000069dc00000, 0x000000069dc00000, 0x000000069e000000|  0%| F|  |TAMS 0x000000069dc00000, 0x000000069dc00000| Untracked 
|  83|0x000000069e000000, 0x000000069e000000, 0x000000069e400000|  0%| F|  |TAMS 0x000000069e000000, 0x000000069e000000| Untracked 
|  84|0x000000069e400000, 0x000000069e400000, 0x000000069e800000|  0%| F|  |TAMS 0x000000069e400000, 0x000000069e400000| Untracked 
|  85|0x000000069e800000, 0x000000069e800000, 0x000000069ec00000|  0%| F|  |TAMS 0x000000069e800000, 0x000000069e800000| Untracked 
|  86|0x000000069ec00000, 0x000000069ec00000, 0x000000069f000000|  0%| F|  |TAMS 0x000000069ec00000, 0x000000069ec00000| Untracked 
|  87|0x000000069f000000, 0x000000069f000000, 0x000000069f400000|  0%| F|  |TAMS 0x000000069f000000, 0x000000069f000000| Untracked 
|  88|0x000000069f400000, 0x000000069f400000, 0x000000069f800000|  0%| F|  |TAMS 0x000000069f400000, 0x000000069f400000| Untracked 
|  89|0x000000069f800000, 0x000000069f9682c8, 0x000000069fc00000| 35%| S|CS|TAMS 0x000000069f800000, 0x000000069f800000| Complete 
|  90|0x000000069fc00000, 0x000000069ff596e0, 0x00000006a0000000| 83%| E|  |TAMS 0x000000069fc00000, 0x000000069fc00000| Complete 
|  91|0x00000006a0000000, 0x00000006a0400000, 0x00000006a0400000|100%| E|CS|TAMS 0x00000006a0000000, 0x00000006a0000000| Complete 
|  92|0x00000006a0400000, 0x00000006a0800000, 0x00000006a0800000|100%| E|CS|TAMS 0x00000006a0400000, 0x00000006a0400000| Complete 
|  93|0x00000006a0800000, 0x00000006a0c00000, 0x00000006a0c00000|100%| E|CS|TAMS 0x00000006a0800000, 0x00000006a0800000| Complete 

Card table byte_map: [0x000001aca3f10000,0x000001aca4ad0000] _byte_map_base: 0x000001aca0ac6000

Marking Bits (Prev, Next): (CMBitMap*) 0x000001ac8c2d3860, (CMBitMap*) 0x000001ac8c2d38a0
 Prev Bits: [0x000001aca5690000, 0x000001acab440000)
 Next Bits: [0x000001acab440000, 0x000001acb11f0000)

Polling page: 0x000001ac8ba10000

Metaspace:

Usage:
  Non-class:     11.23 MB used.
      Class:      1.54 MB used.
       Both:     12.78 MB used.

Virtual space:
  Non-class space:       16.00 MB reserved,      11.38 MB ( 71%) committed,  2 nodes.
      Class space:        1.00 GB reserved,       1.62 MB ( <1%) committed,  1 nodes.
             Both:        1.02 GB reserved,      13.00 MB (  1%) committed. 

Chunk freelists:
   Non-Class:  448.00 KB
       Class:  2.27 MB
        Both:  2.70 MB

MaxMetaspaceSize: unlimited
CompressedClassSpaceSize: 1.00 GB
Initial GC threshold: 21.00 MB
Current GC threshold: 21.00 MB
CDS: on
MetaspaceReclaimPolicy: balanced
 - commit_granule_bytes: 65536.
 - commit_granule_words: 8192.
 - virtual_space_node_default_size: 1048576.
 - enlarge_chunks_in_place: 1.
 - new_chunks_are_fully_committed: 0.
 - uncommit_free_chunks: 1.
 - use_allocation_guard: 0.
 - handle_deallocations: 1.


Internal statistics:

num_allocs_failed_limit: 0.
num_arena_births: 208.
num_arena_deaths: 0.
num_vsnodes_births: 3.
num_vsnodes_deaths: 0.
num_space_committed: 208.
num_space_uncommitted: 0.
num_chunks_returned_to_freelist: 0.
num_chunks_taken_from_freelist: 624.
num_chunk_merges: 0.
num_chunk_splits: 416.
num_chunks_enlarged: 319.
num_purges: 0.
num_inconsistent_stats: 0.

CodeHeap 'non-profiled nmethods': size=119168Kb used=692Kb max_used=692Kb free=118475Kb
 bounds [0x000001ac9b660000, 0x000001ac9b8d0000, 0x000001aca2ac0000]
CodeHeap 'profiled nmethods': size=119104Kb used=3855Kb max_used=3855Kb free=115248Kb
 bounds [0x000001ac93ac0000, 0x000001ac93e90000, 0x000001ac9af10000]
CodeHeap 'non-nmethods': size=7488Kb used=2882Kb max_used=2901Kb free=4605Kb
 bounds [0x000001ac9af10000, 0x000001ac9b1f0000, 0x000001ac9b660000]
 total_blobs=2477 nmethods=1987 adapters=399
 compilation: enabled
              stopped_count=0, restarted_count=0
 full_count=0

Compilation events (20 events):
Event: 0.868 Thread 0x000001acb52bd620 1960       3       jdk.internal.loader.AbstractClassLoaderValue::map (20 bytes)
Event: 0.869 Thread 0x000001acb4d31410 1961       3       java.lang.reflect.Method::hashCode (19 bytes)
Event: 0.869 Thread 0x000001acb52bd620 nmethod 1960 0x000001ac93e79a10 code [0x000001ac93e79bc0, 0x000001ac93e79ea8]
Event: 0.869 Thread 0x000001acb4d31410 nmethod 1961 0x000001ac93e7a010 code [0x000001ac93e7a1e0, 0x000001ac93e7a4a8]
Event: 0.869 Thread 0x000001acb4d31410 1962       3       java.util.EnumSet::noneOf (63 bytes)
Event: 0.869 Thread 0x000001acb4c14950 1964       3       java.util.RegularEnumSet::<init> (12 bytes)
Event: 0.869 Thread 0x000001acb6134210 1965       3       java.util.EnumSet::<init> (15 bytes)
Event: 0.869 Thread 0x000001acb52bd620 1963       3       java.util.EnumSet::getUniverse (10 bytes)
Event: 0.870 Thread 0x000001acb4c14950 nmethod 1964 0x000001ac93e7a610 code [0x000001ac93e7a7c0, 0x000001ac93e7ab18]
Event: 0.870 Thread 0x000001acb6134210 nmethod 1965 0x000001ac93e7ac90 code [0x000001ac93e7ae40, 0x000001ac93e7b138]
Event: 0.870 Thread 0x000001acb52bd620 nmethod 1963 0x000001ac93e7b290 code [0x000001ac93e7b460, 0x000001ac93e7b788]
Event: 0.870 Thread 0x000001acb4d31410 nmethod 1962 0x000001ac93e7b910 code [0x000001ac93e7bbe0, 0x000001ac93e7ca68]
Event: 0.871 Thread 0x000001acb53bdbe0 nmethod 1958 0x000001ac9b70a090 code [0x000001ac9b70a240, 0x000001ac9b70a578]
Event: 0.872 Thread 0x000001acb6134210 1966       3       java.util.Arrays::fill (21 bytes)
Event: 0.873 Thread 0x000001acb6134210 nmethod 1966 0x000001ac93e7cf90 code [0x000001ac93e7d120, 0x000001ac93e7d2d8]
Event: 0.873 Thread 0x000001acb6134210 1967       3       java.util.ArrayList::contains (14 bytes)
Event: 0.873 Thread 0x000001acb4c14950 1968       3       java.util.ArrayList::indexOf (11 bytes)
Event: 0.873 Thread 0x000001acb52bd620 1969       3       java.util.ArrayList::indexOfRange (71 bytes)
Event: 0.873 Thread 0x000001acb4c14950 nmethod 1968 0x000001ac93e7d410 code [0x000001ac93e7d5a0, 0x000001ac93e7d6e8]
Event: 0.873 Thread 0x000001acb6134210 nmethod 1967 0x000001ac93e7d790 code [0x000001ac93e7d940, 0x000001ac93e7db68]

GC Heap History (4 events):
Event: 0.492 GC heap before
{Heap before GC invocations=0 (full 0):
 garbage-first heap   total 385024K, used 20480K [0x0000000689400000, 0x0000000800000000)
  region size 4096K, 5 young (20480K), 0 survivors (0K)
 Metaspace       used 5349K, committed 5504K, reserved 1056768K
  class space    used 613K, committed 640K, reserved 1048576K
}
Event: 0.495 GC heap after
{Heap after GC invocations=1 (full 0):
 garbage-first heap   total 385024K, used 6196K [0x0000000689400000, 0x0000000800000000)
  region size 4096K, 1 young (4096K), 1 survivors (4096K)
 Metaspace       used 5349K, committed 5504K, reserved 1056768K
  class space    used 613K, committed 640K, reserved 1048576K
}
Event: 0.771 GC heap before
{Heap before GC invocations=1 (full 0):
 garbage-first heap   total 385024K, used 22580K [0x0000000689400000, 0x0000000800000000)
  region size 4096K, 5 young (20480K), 1 survivors (4096K)
 Metaspace       used 9431K, committed 9664K, reserved 1064960K
  class space    used 1164K, committed 1280K, reserved 1048576K
}
Event: 0.774 GC heap after
{Heap after GC invocations=2 (full 0):
 garbage-first heap   total 385024K, used 7729K [0x0000000689400000, 0x0000000800000000)
  region size 4096K, 1 young (4096K), 1 survivors (4096K)
 Metaspace       used 9431K, committed 9664K, reserved 1064960K
  class space    used 1164K, committed 1280K, reserved 1048576K
}

Deoptimization events (20 events):
Event: 0.827 Thread 0x000001acb5a28750 Uncommon trap: trap_request=0xffffff45 fr.pc=0x000001ac9b6752b4 relative=0x0000000000000414
Event: 0.827 Thread 0x000001acb5a28750 Uncommon trap: reason=unstable_if action=reinterpret pc=0x000001ac9b6752b4 method=java.lang.StringLatin1.canEncode(I)Z @ 4 c2
Event: 0.827 Thread 0x000001acb5a28750 DEOPT PACKING pc=0x000001ac9b6752b4 sp=0x00000040c67fdca0
Event: 0.827 Thread 0x000001acb5a28750 DEOPT UNPACKING pc=0x000001ac9af623a3 sp=0x00000040c67fdbc8 mode 2
Event: 0.827 Thread 0x000001acb5a28750 Uncommon trap: trap_request=0xffffff45 fr.pc=0x000001ac9b679e14 relative=0x00000000000003f4
Event: 0.827 Thread 0x000001acb5a28750 Uncommon trap: reason=unstable_if action=reinterpret pc=0x000001ac9b679e14 method=java.lang.AbstractStringBuilder.isLatin1()Z @ 10 c2
Event: 0.827 Thread 0x000001acb5a28750 DEOPT PACKING pc=0x000001ac9b679e14 sp=0x00000040c67fdcc0
Event: 0.827 Thread 0x000001acb5a28750 DEOPT UNPACKING pc=0x000001ac9af623a3 sp=0x00000040c67fdc40 mode 2
Event: 0.827 Thread 0x000001acb5a28750 Uncommon trap: trap_request=0xffffff45 fr.pc=0x000001ac9b67eedc relative=0x000000000000005c
Event: 0.827 Thread 0x000001acb5a28750 Uncommon trap: reason=unstable_if action=reinterpret pc=0x000001ac9b67eedc method=java.lang.AbstractStringBuilder.isLatin1()Z @ 10 c2
Event: 0.827 Thread 0x000001acb5a28750 DEOPT PACKING pc=0x000001ac9b67eedc sp=0x00000040c67fdca0
Event: 0.827 Thread 0x000001acb5a28750 DEOPT UNPACKING pc=0x000001ac9af623a3 sp=0x00000040c67fdc30 mode 2
Event: 0.828 Thread 0x000001acb5a28750 Uncommon trap: trap_request=0xffffff45 fr.pc=0x000001ac9b6b8048 relative=0x0000000000000048
Event: 0.828 Thread 0x000001acb5a28750 Uncommon trap: reason=unstable_if action=reinterpret pc=0x000001ac9b6b8048 method=java.lang.CharacterData.of(I)Ljava/lang/CharacterData; @ 4 c2
Event: 0.828 Thread 0x000001acb5a28750 DEOPT PACKING pc=0x000001ac9b6b8048 sp=0x00000040c67fd420
Event: 0.828 Thread 0x000001acb5a28750 DEOPT UNPACKING pc=0x000001ac9af623a3 sp=0x00000040c67fd3b8 mode 2
Event: 0.857 Thread 0x000001ac8c248370 Uncommon trap: trap_request=0xffffff45 fr.pc=0x000001ac9b6d1f7c relative=0x00000000000002dc
Event: 0.857 Thread 0x000001ac8c248370 Uncommon trap: reason=unstable_if action=reinterpret pc=0x000001ac9b6d1f7c method=jdk.internal.org.objectweb.asm.SymbolTable.put(Ljdk/internal/org/objectweb/asm/SymbolTable$Entry;)Ljdk/internal/org/objectweb/asm/SymbolTable$Entry; @ 13 c2
Event: 0.857 Thread 0x000001ac8c248370 DEOPT PACKING pc=0x000001ac9b6d1f7c sp=0x00000040c46fd6d0
Event: 0.857 Thread 0x000001ac8c248370 DEOPT UNPACKING pc=0x000001ac9af623a3 sp=0x00000040c46fd650 mode 2

Classes unloaded (0 events):
No events

Classes redefined (0 events):
No events

Internal exceptions (20 events):
Event: 0.599 Thread 0x000001ac8c248370 Exception <a 'java/lang/NoSuchMethodError'{0x00000006a055c2c8}: 'int java.lang.invoke.DirectMethodHandle$Holder.invokeInterface(java.lang.Object, java.lang.Object)'> (0x00000006a055c2c8) 
thrown [s\open\src\hotspot\share\interpreter\linkResolver.cpp, line 759]
Event: 0.614 Thread 0x000001ac8c248370 Exception <a 'java/lang/NoSuchMethodError'{0x00000006a05cbc88}: 'int java.lang.invoke.DirectMethodHandle$Holder.invokeVirtual(java.lang.Object, java.lang.Object)'> (0x00000006a05cbc88) 
thrown [s\open\src\hotspot\share\interpreter\linkResolver.cpp, line 759]
Event: 0.632 Thread 0x000001ac8c248370 Exception <a 'java/lang/NoSuchMethodError'{0x00000006a0681730}: 'java.lang.Object java.lang.invoke.DirectMethodHandle$Holder.invokeSpecial(java.lang.Object, java.lang.Object, java.lang.Object, int, java.lang.Object)'> (0x00000006a0681730) 
thrown [s\open\src\hotspot\share\interpreter\linkResolver.cpp, line 759]
Event: 0.632 Thread 0x000001ac8c248370 Exception <a 'java/lang/NoSuchMethodError'{0x00000006a0689d90}: 'java.lang.Object java.lang.invoke.DirectMethodHandle$Holder.newInvokeSpecial(java.lang.Object, java.lang.Object, java.lang.Object, int, java.lang.Object)'> (0x00000006a0689d90) 
thrown [s\open\src\hotspot\share\interpreter\linkResolver.cpp, line 759]
Event: 0.633 Thread 0x000001ac8c248370 Exception <a 'java/lang/NoSuchMethodError'{0x00000006a0691760}: 'java.lang.Object java.lang.invoke.Invokers$Holder.linkToTargetMethod(java.lang.Object, java.lang.Object, int, java.lang.Object, java.lang.Object)'> (0x00000006a0691760) 
thrown [s\open\src\hotspot\share\interpreter\linkResolver.cpp, line 759]
Event: 0.634 Thread 0x000001ac8c248370 Exception <a 'java/lang/NoSuchMethodError'{0x00000006a06a05b0}: 'java.lang.Object java.lang.invoke.DirectMethodHandle$Holder.newInvokeSpecial(java.lang.Object, int, java.lang.Object)'> (0x00000006a06a05b0) 
thrown [s\open\src\hotspot\share\interpreter\linkResolver.cpp, line 759]
Event: 0.634 Thread 0x000001ac8c248370 Exception <a 'java/lang/NoSuchMethodError'{0x00000006a06a5290}: 'int java.lang.invoke.DirectMethodHandle$Holder.invokeSpecialIFC(java.lang.Object, java.lang.Object, java.lang.Object, java.lang.Object)'> (0x00000006a06a5290) 
thrown [s\open\src\hotspot\share\interpreter\linkResolver.cpp, line 759]
Event: 0.650 Thread 0x000001ac8c248370 Exception <a 'java/lang/NoSuchMethodError'{0x00000006a077b388}: 'void java.lang.invoke.DirectMethodHandle$Holder.invokeInterface(java.lang.Object, java.lang.Object, java.lang.Object)'> (0x00000006a077b388) 
thrown [s\open\src\hotspot\share\interpreter\linkResolver.cpp, line 759]
Event: 0.663 Thread 0x000001ac8c248370 Exception <a 'java/lang/NoSuchMethodError'{0x00000006a07edbe0}: 'void java.lang.invoke.DirectMethodHandle$Holder.invokeStaticInit(java.lang.Object, java.lang.Object)'> (0x00000006a07edbe0) 
thrown [s\open\src\hotspot\share\interpreter\linkResolver.cpp, line 759]
Event: 0.665 Thread 0x000001ac8c248370 Exception <a 'java/lang/NoSuchMethodError'{0x00000006a07fa6d0}: 'void java.lang.invoke.DirectMethodHandle$Holder.invokeStaticInit(java.lang.Object, java.lang.Object, java.lang.Object)'> (0x00000006a07fa6d0) 
thrown [s\open\src\hotspot\share\interpreter\linkResolver.cpp, line 759]
Event: 0.670 Thread 0x000001ac8c248370 Exception <a 'java/lang/NoSuchMethodError'{0x00000006a0036c40}: 'java.lang.Object java.lang.invoke.DirectMethodHandle$Holder.invokeStatic(java.lang.Object, java.lang.Object, long, java.lang.Object)'> (0x00000006a0036c40) 
thrown [s\open\src\hotspot\share\interpreter\linkResolver.cpp, line 759]
Event: 0.670 Thread 0x000001ac8c248370 Exception <a 'java/lang/NoSuchMethodError'{0x00000006a003a6d8}: 'java.lang.Object java.lang.invoke.DirectMethodHandle$Holder.invokeStaticInit(java.lang.Object, java.lang.Object, long, java.lang.Object)'> (0x00000006a003a6d8) 
thrown [s\open\src\hotspot\share\interpreter\linkResolver.cpp, line 759]
Event: 0.670 Thread 0x000001ac8c248370 Exception <a 'java/lang/NoSuchMethodError'{0x00000006a0040e18}: 'java.lang.Object java.lang.invoke.DirectMethodHandle$Holder.newInvokeSpecial(java.lang.Object, java.lang.Object, long)'> (0x00000006a0040e18) 
thrown [s\open\src\hotspot\share\interpreter\linkResolver.cpp, line 759]
Event: 0.671 Thread 0x000001ac8c248370 Exception <a 'java/lang/NoSuchMethodError'{0x00000006a0044988}: 'java.lang.Object java.lang.invoke.Invokers$Holder.linkToTargetMethod(java.lang.Object, long, java.lang.Object)'> (0x00000006a0044988) 
thrown [s\open\src\hotspot\share\interpreter\linkResolver.cpp, line 759]
Event: 0.682 Thread 0x000001ac8c248370 Exception <a 'java/lang/NoSuchMethodError'{0x00000006a008c188}: 'void java.lang.invoke.DirectMethodHandle$Holder.invokeVirtual(java.lang.Object, java.lang.Object, java.lang.Object, java.lang.Object)'> (0x00000006a008c188) 
thrown [s\open\src\hotspot\share\interpreter\linkResolver.cpp, line 759]
Event: 0.710 Thread 0x000001ac8c248370 Exception <a 'java/lang/NoSuchMethodError'{0x00000006a01e5e80}: 'void java.lang.invoke.DirectMethodHandle$Holder.invokeSpecial(java.lang.Object, java.lang.Object, java.lang.Object)'> (0x00000006a01e5e80) 
thrown [s\open\src\hotspot\share\interpreter\linkResolver.cpp, line 759]
Event: 0.711 Thread 0x000001ac8c248370 Exception <a 'java/lang/NoSuchMethodError'{0x00000006a01ec458}: 'void java.lang.invoke.DirectMethodHandle$Holder.invokeSpecial(java.lang.Object, java.lang.Object, java.lang.Object, java.lang.Object, java.lang.Object)'> (0x00000006a01ec458) 
thrown [s\open\src\hotspot\share\interpreter\linkResolver.cpp, line 759]
Event: 0.739 Thread 0x000001ac8c248370 Exception <a 'java/lang/NoSuchMethodError'{0x00000006a0374c00}: 'java.lang.Object java.lang.invoke.DirectMethodHandle$Holder.invokeStatic(java.lang.Object, java.lang.Object, int)'> (0x00000006a0374c00) 
thrown [s\open\src\hotspot\share\interpreter\linkResolver.cpp, line 759]
Event: 0.740 Thread 0x000001ac8c248370 Exception <a 'java/lang/NoSuchMethodError'{0x00000006a0380370}: 'void java.lang.invoke.DelegatingMethodHandle$Holder.delegate(java.lang.Object, java.lang.Object, int, java.lang.Object)'> (0x00000006a0380370) 
thrown [s\open\src\hotspot\share\interpreter\linkResolver.cpp, line 759]
Event: 0.753 Thread 0x000001ac8c248370 Exception <a 'java/lang/IncompatibleClassChangeError'{0x000000069fd851b8}: Found class java.lang.Object, but interface was expected> (0x000000069fd851b8) 
thrown [s\open\src\hotspot\share\interpreter\linkResolver.cpp, line 826]

VM Operations (20 events):
Event: 0.212 Executing VM operation: HandshakeAllThreads
Event: 0.212 Executing VM operation: HandshakeAllThreads done
Event: 0.457 Executing VM operation: HandshakeAllThreads
Event: 0.457 Executing VM operation: HandshakeAllThreads done
Event: 0.492 Executing VM operation: G1CollectForAllocation
Event: 0.495 Executing VM operation: G1CollectForAllocation done
Event: 0.612 Executing VM operation: HandshakeAllThreads
Event: 0.612 Executing VM operation: HandshakeAllThreads done
Event: 0.708 Executing VM operation: HandshakeAllThreads
Event: 0.708 Executing VM operation: HandshakeAllThreads done
Event: 0.708 Executing VM operation: HandshakeAllThreads
Event: 0.708 Executing VM operation: HandshakeAllThreads done
Event: 0.729 Executing VM operation: ICBufferFull
Event: 0.729 Executing VM operation: ICBufferFull done
Event: 0.739 Executing VM operation: HandshakeAllThreads
Event: 0.739 Executing VM operation: HandshakeAllThreads done
Event: 0.771 Executing VM operation: G1CollectForAllocation
Event: 0.774 Executing VM operation: G1CollectForAllocation done
Event: 0.829 Executing VM operation: HandshakeAllThreads
Event: 0.829 Executing VM operation: HandshakeAllThreads done

Events (20 events):
Event: 0.847 loading class jdk/internal/reflect/ByteVector done
Event: 0.847 loading class jdk/internal/reflect/ByteVectorImpl done
Event: 0.847 loading class jdk/internal/reflect/ClassFileAssembler
Event: 0.847 loading class jdk/internal/reflect/ClassFileAssembler done
Event: 0.847 loading class jdk/internal/reflect/UTF8
Event: 0.847 loading class jdk/internal/reflect/UTF8 done
Event: 0.847 loading class jdk/internal/reflect/Label
Event: 0.847 loading class jdk/internal/reflect/Label done
Event: 0.847 loading class jdk/internal/reflect/Label$PatchInfo
Event: 0.847 loading class jdk/internal/reflect/Label$PatchInfo done
Event: 0.848 loading class jdk/internal/reflect/MethodAccessorGenerator$1
Event: 0.848 loading class jdk/internal/reflect/MethodAccessorGenerator$1 done
Event: 0.848 loading class jdk/internal/reflect/ClassDefiner
Event: 0.848 loading class jdk/internal/reflect/ClassDefiner done
Event: 0.848 loading class jdk/internal/reflect/ClassDefiner$1
Event: 0.848 loading class jdk/internal/reflect/ClassDefiner$1 done
Event: 0.848 loading class jdk/internal/reflect/BootstrapConstructorAccessorImpl
Event: 0.848 loading class jdk/internal/reflect/BootstrapConstructorAccessorImpl done
Event: 0.854 loading class java/lang/annotation/Repeatable
Event: 0.855 loading class java/lang/annotation/Repeatable done


Dynamic libraries:
0x00007ff732660000 - 0x00007ff732670000 	C:\Program Files\Java\jdk-17.0.6\bin\java.exe
0x00007ffdef4f0000 - 0x00007ffdef707000 	C:\WINDOWS\SYSTEM32\ntdll.dll
0x00007ffdee770000 - 0x00007ffdee834000 	C:\WINDOWS\System32\KERNEL32.DLL
0x00007ffdecca0000 - 0x00007ffded046000 	C:\WINDOWS\System32\KERNELBASE.dll
0x00007ffdecb00000 - 0x00007ffdecc11000 	C:\WINDOWS\System32\ucrtbase.dll
0x00007ffde7c40000 - 0x00007ffde7c5b000 	C:\Program Files\Java\jdk-17.0.6\bin\VCRUNTIME140.dll
0x00007ffde7c60000 - 0x00007ffde7c78000 	C:\Program Files\Java\jdk-17.0.6\bin\jli.dll
0x00007ffdef400000 - 0x00007ffdef4b0000 	C:\WINDOWS\System32\ADVAPI32.dll
0x00007ffdede60000 - 0x00007ffdedf07000 	C:\WINDOWS\System32\msvcrt.dll
0x00007ffdedd50000 - 0x00007ffdeddf6000 	C:\WINDOWS\System32\sechost.dll
0x00007ffded250000 - 0x00007ffded367000 	C:\WINDOWS\System32\RPCRT4.dll
0x00007ffdedba0000 - 0x00007ffdedd4d000 	C:\WINDOWS\System32\USER32.dll
0x00007ffded0f0000 - 0x00007ffded116000 	C:\WINDOWS\System32\win32u.dll
0x00007ffdede20000 - 0x00007ffdede49000 	C:\WINDOWS\System32\GDI32.dll
0x00007ffdd8dd0000 - 0x00007ffdd9063000 	C:\WINDOWS\WinSxS\amd64_microsoft.windows.common-controls_6595b64144ccf1df_6.0.22621.2361_none_2712ced57382f843\COMCTL32.dll
0x00007ffdec9e0000 - 0x00007ffdecaf8000 	C:\WINDOWS\System32\gdi32full.dll
0x00007ffded050000 - 0x00007ffded0ea000 	C:\WINDOWS\System32\msvcp_win.dll
0x00007ffde5970000 - 0x00007ffde597a000 	C:\WINDOWS\SYSTEM32\VERSION.dll
0x00007ffdef0e0000 - 0x00007ffdef111000 	C:\WINDOWS\System32\IMM32.DLL
0x00007ffde7c30000 - 0x00007ffde7c3c000 	C:\Program Files\Java\jdk-17.0.6\bin\vcruntime140_1.dll
0x00007ffdacbd0000 - 0x00007ffdacc5e000 	C:\Program Files\Java\jdk-17.0.6\bin\msvcp140.dll
0x00007ffdabff0000 - 0x00007ffdacbc7000 	C:\Program Files\Java\jdk-17.0.6\bin\server\jvm.dll
0x00007ffdef040000 - 0x00007ffdef048000 	C:\WINDOWS\System32\PSAPI.DLL
0x00007ffde41a0000 - 0x00007ffde41d4000 	C:\WINDOWS\SYSTEM32\WINMM.dll
0x00007ffdd3670000 - 0x00007ffdd3679000 	C:\WINDOWS\SYSTEM32\WSOCK32.dll
0x00007ffdeda00000 - 0x00007ffdeda71000 	C:\WINDOWS\System32\WS2_32.dll
0x00007ffdeb850000 - 0x00007ffdeb868000 	C:\WINDOWS\SYSTEM32\kernel.appcore.dll
0x00007ffde7c20000 - 0x00007ffde7c2a000 	C:\Program Files\Java\jdk-17.0.6\bin\jimage.dll
0x00007ffde2d00000 - 0x00007ffde2f2e000 	C:\WINDOWS\SYSTEM32\DBGHELP.DLL
0x00007ffdeeb50000 - 0x00007ffdeeeda000 	C:\WINDOWS\System32\combase.dll
0x00007ffdef1b0000 - 0x00007ffdef287000 	C:\WINDOWS\System32\OLEAUT32.dll
0x00007ffddcc40000 - 0x00007ffddcc72000 	C:\WINDOWS\SYSTEM32\dbgcore.DLL
0x00007ffdecc20000 - 0x00007ffdecc9a000 	C:\WINDOWS\System32\bcryptPrimitives.dll
0x00007ffde9640000 - 0x00007ffde964e000 	C:\Program Files\Java\jdk-17.0.6\bin\instrument.dll
0x00007ffdc2260000 - 0x00007ffdc2285000 	C:\Program Files\Java\jdk-17.0.6\bin\java.dll
0x00007ffdabf10000 - 0x00007ffdabfe7000 	C:\Program Files\Java\jdk-17.0.6\bin\jsvml.dll
0x00007ffdedf10000 - 0x00007ffdee768000 	C:\WINDOWS\System32\SHELL32.dll
0x00007ffdea7d0000 - 0x00007ffdeb0c2000 	C:\WINDOWS\SYSTEM32\windows.storage.dll
0x00007ffdea690000 - 0x00007ffdea7ce000 	C:\WINDOWS\SYSTEM32\wintypes.dll
0x00007ffdeda80000 - 0x00007ffdedb73000 	C:\WINDOWS\System32\SHCORE.dll
0x00007ffdef340000 - 0x00007ffdef39e000 	C:\WINDOWS\System32\shlwapi.dll
0x00007ffdec7a0000 - 0x00007ffdec7c6000 	C:\WINDOWS\SYSTEM32\profapi.dll
0x00007ffdc4450000 - 0x00007ffdc4468000 	C:\Program Files\Java\jdk-17.0.6\bin\zip.dll
0x00007ffde7b80000 - 0x00007ffde7b99000 	C:\Program Files\Java\jdk-17.0.6\bin\net.dll
0x00007ffde5310000 - 0x00007ffde5447000 	C:\WINDOWS\SYSTEM32\WINHTTP.dll
0x00007ffdebd30000 - 0x00007ffdebd99000 	C:\WINDOWS\system32\mswsock.dll
0x00007ffdc8ac0000 - 0x00007ffdc8ad6000 	C:\Program Files\Java\jdk-17.0.6\bin\nio.dll
0x00007ffde7fc0000 - 0x00007ffde7fda000 	C:\Program Files\JetBrains\IntelliJ IDEA Community Edition 2022.1\bin\breakgen64.dll

dbghelp: loaded successfully - version: 4.0.5 - missing functions: none
symbol engine: initialized successfully - sym options: 0x614 - pdb path: .;C:\Program Files\Java\jdk-17.0.6\bin;C:\WINDOWS\SYSTEM32;C:\WINDOWS\WinSxS\amd64_microsoft.windows.common-controls_6595b64144ccf1df_6.0.22621.2361_none_2712ced57382f843;C:\Program Files\Java\jdk-17.0.6\bin\server;C:\Program Files\JetBrains\IntelliJ IDEA Community Edition 2022.1\bin

VM Arguments:
jvm_args: -javaagent:C:\Program Files\JetBrains\IntelliJ IDEA Community Edition 2022.1\lib\idea_rt.jar=59309:C:\Program Files\JetBrains\IntelliJ IDEA Community Edition 2022.1\bin -Dfile.encoding=UTF-8 
java_command: com.kma.DATN.DatnApplication
java_class_path (initial): D:\DATN - BLOCKCHAIN\DATN\DATN\target\classes;C:\Users\kiemp\.m2\repository\org\springframework\boot\spring-boot-starter-data-jpa\3.1.4\spring-boot-starter-data-jpa-3.1.4.jar;C:\Users\kiemp\.m2\repository\org\springframework\boot\spring-boot-starter-aop\3.1.4\spring-boot-starter-aop-3.1.4.jar;C:\Users\kiemp\.m2\repository\org\aspectj\aspectjweaver\1.9.20\aspectjweaver-1.9.20.jar;C:\Users\kiemp\.m2\repository\org\springframework\boot\spring-boot-starter-jdbc\3.1.4\spring-boot-starter-jdbc-3.1.4.jar;C:\Users\kiemp\.m2\repository\com\zaxxer\HikariCP\5.0.1\HikariCP-5.0.1.jar;C:\Users\kiemp\.m2\repository\org\springframework\spring-jdbc\6.0.12\spring-jdbc-6.0.12.jar;C:\Users\kiemp\.m2\repository\org\hibernate\orm\hibernate-core\6.2.9.Final\hibernate-core-6.2.9.Final.jar;C:\Users\kiemp\.m2\repository\jakarta\persistence\jakarta.persistence-api\3.1.0\jakarta.persistence-api-3.1.0.jar;C:\Users\kiemp\.m2\repository\jakarta\transaction\jakarta.transaction-api\2.0.1\jakarta.transaction-api-2.0.1.jar;C:\Users\kiemp\.m2\repository\org\jboss\logging\jboss-logging\3.5.3.Final\jboss-logging-3.5.3.Final.jar;C:\Users\kiemp\.m2\repository\org\hibernate\common\hibernate-commons-annotations\6.0.6.Final\hibernate-commons-annotations-6.0.6.Final.jar;C:\Users\kiemp\.m2\repository\io\smallrye\jandex\3.0.5\jandex-3.0.5.jar;C:\Users\kiemp\.m2\repository\com\fasterxml\classmate\1.5.1\classmate-1.5.1.jar;C:\Users\kiemp\.m2\repository\net\bytebuddy\byte-buddy\1.14.8\byte-buddy-1.14.8.jar;C:\Users\kiemp\.m2\repository\org\glassfish\jaxb\jaxb-runtime\4.0.3\jaxb-runtime-4.0.3.jar;C:\Users\kiemp\.m2\repository\org\glassfish\jaxb\jaxb-core\4.0.3\jaxb-core-4.0.3.jar;C:\Users\kiemp\.m2\repository\org\eclipse\angus\angus-activation\2.0.1\angus-activation-2.0.1.jar;C:\Users\kiemp\.m2\repository\org\glassfish\jaxb\txw2\4.0.3\txw2-4.0.3.jar;C:\Users\kiemp\.m2\repository\com\sun\istack\istack-commons-runtime\4.1.2\istack-commons-runtime-4.1.2.jar;C:\Users\kiemp\.m2\repository\ja
Launcher Type: SUN_STANDARD

[Global flags]
     intx CICompilerCount                          = 12                                        {product} {ergonomic}
     uint ConcGCThreads                            = 3                                         {product} {ergonomic}
     uint G1ConcRefinementThreads                  = 13                                        {product} {ergonomic}
   size_t G1HeapRegionSize                         = 4194304                                   {product} {ergonomic}
    uintx GCDrainStackTargetSize                   = 64                                        {product} {ergonomic}
   size_t InitialHeapSize                          = 394264576                                 {product} {ergonomic}
   size_t MarkStackSize                            = 4194304                                   {product} {ergonomic}
   size_t MaxHeapSize                              = 6287261696                                {product} {ergonomic}
   size_t MaxNewSize                               = 3770679296                                {product} {ergonomic}
   size_t MinHeapDeltaBytes                        = 4194304                                   {product} {ergonomic}
   size_t MinHeapSize                              = 8388608                                   {product} {ergonomic}
    uintx NonNMethodCodeHeapSize                   = 7602480                                {pd product} {ergonomic}
    uintx NonProfiledCodeHeapSize                  = 122027880                              {pd product} {ergonomic}
    uintx ProfiledCodeHeapSize                     = 122027880                              {pd product} {ergonomic}
    uintx ReservedCodeCacheSize                    = 251658240                              {pd product} {ergonomic}
     bool SegmentedCodeCache                       = true                                      {product} {ergonomic}
   size_t SoftMaxHeapSize                          = 6287261696                             {manageable} {ergonomic}
     bool UseCompressedClassPointers               = true                           {product lp64_product} {ergonomic}
     bool UseCompressedOops                        = true                           {product lp64_product} {ergonomic}
     bool UseG1GC                                  = true                                      {product} {ergonomic}
     bool UseLargePagesIndividualAllocation        = false                                  {pd product} {ergonomic}

Logging:
Log output configuration:
 #0: stdout all=warning uptime,level,tags
 #1: stderr all=off uptime,level,tags

Environment Variables:
JAVA_HOME=C:\Program Files\Java\jdk-17.0.4.101-hotspot
CLASSPATH=C:\xampp\tomcat\lib\servlet-api.jar
PATH=C:\Program Files (x86)\VMware\VMware Workstation\bin\;C:\Program Files\Java\jre-17.0.4.101-hotspot\bin;C:\Program Files\Java\jdk-17.0.4.101-hotspot\bin;C:\WINDOWS\system32;C:\WINDOWS;C:\WINDOWS\System32\Wbem;C:\WINDOWS\System32\WindowsPowerShell\v1.0\;C:\WINDOWS\System32\OpenSSH\;C:\Program Files\Microsoft SQL Server\Client SDK\ODBC\170\Tools\Binn\;C:\Program Files (x86)\Microsoft SQL Server\150\Tools\Binn\;C:\Program Files\Microsoft SQL Server\150\Tools\Binn\;C:\Program Files\Microsoft SQL Server\150\DTS\Binn\;C:\Program Files (x86)\MinGW64\bin;C:\Program Files (x86)\NVIDIA Corporation\PhysX\Common;C:\Program Files\NVIDIA Corporation\NVIDIA NvDLISR;C:\Program Files\Azure Data Studio\bin;C:\Users\kiemp\AppData\Local\Microsoft\WindowsApps;C:\Users\kiemp\AppData\Local\Programs\Microsoft VS Code\bin;C:\Program Files\dotnet\;C:\Users\kiemp\AppData\Local\Programs\Python\Python310;C:\Users\kiemp\AppData\Local\Programs\Python\Python310\Scripts;C:\WINDOWS\system32;C:\WINDOWS;C:\WINDOWS\System32\Wbem;C:\WINDOWS\System32\WindowsPowerShell\v1.0\;C:\WINDOWS\System32\OpenSSH\;C:\Program Files (x86)\Microsoft SQL Server\150\DTS\Binn\;C:\xampp\tomcat\lib;C:\xampp\php;C:\Windows\System32;C:\Program Files\MySQL\MySQL Server 8.0\bin;C:\Program Files\MySQL\MySQL Server 8.0\lib;C:\nvm;C:\nodejs;C:\apache-maven-3.9.2\bin;C:\flutter\bin;C:\Program Files\nodejs\;C:\Program Files\Gradle\gradle-8.2.1\bin;C:\Program Files\Go\bin;C:\Program Files\Git\cmd;C:\Users\kiemp\AppData\Local\Programs\Python\Python310\Scripts\;C:\Users\kiemp\AppData\Local\Programs\Python\Python310\;C:\Users\kiemp\AppData\Local\Microsoft\WindowsApps;C:\Users\kiemp\AppData\Local\Programs\Microsoft VS Code\bin;C:\Program Files\Azure Data Studio\bin;C:\Program Files\JetBrains\IntelliJ IDEA Community Edition 2023.2.1\bin;;C:\Users\kiemp\AppData\Local\GitHubDesktop\bin;C:\Users\kiemp\.dotnet\tools;C:\nvm;C:\nodejs;C:\Users\kiemp\AppData\Roaming\npm;C:\Users\kiemp\go\bin
USERNAME=kiemp
OS=Windows_NT
PROCESSOR_IDENTIFIER=AMD64 Family 23 Model 96 Stepping 1, AuthenticAMD



---------------  S Y S T E M  ---------------

OS:
 Windows 11 , 64 bit Build 22621 (10.0.22621.2428)
OS uptime: 0 days 6:00 hours

CPU: total 16 (initial active 16) (16 cores per cpu, 2 threads per core) family 23 model 96 stepping 1 microcode 0x0, cx8, cmov, fxsr, ht, mmx, 3dnowpref, sse, sse2, sse3, ssse3, sse4a, sse4.1, sse4.2, popcnt, lzcnt, tsc, tscinvbit, avx, avx2, aes, clmul, bmi1, bmi2, adx, sha, fma, vzeroupper, clflush, clflushopt

Memory: 4k page, system-wide physical 23983M (3128M free)
TotalPageFile size 30127M (AvailPageFile size 2M)
current process WorkingSet (physical memory assigned to process): 106M, peak: 106M
current process commit charge ("private bytes"): 517M, peak: 517M

vm_info: Java HotSpot(TM) 64-Bit Server VM (17.0.6+9-LTS-190) for windows-amd64 JRE (17.0.6+9-LTS-190), built on Dec  6 2022 15:53:54 by "mach5one" with MS VC++ 17.1 (VS2022)

END.
